2023-03-03 23:46:33,020 - 
device: 	cuda	
seed: 	1	
dataname: 	radar	
save_dir: 	checkpoints	
res_dir: 	results	
best_dir: 	best	
data_root: 	data	
batch_size: 	10	
input_length: 	5	
total_length: 	10	
num_workers: 	8	
is_training: 	1	
pretrained_model: 	0	
in_shape: 	[5, 1, 128, 128]	
num_layers: 	3	
num_hidden: 	256	
filter_size: 	5	
stride: 	1	
patch_size: 	4	
layer_norm: 	1	
decouple_beta: 	0.1	
epochs: 	500	
log_step: 	1	
lr: 	0.0001	
r_sampling_step_1: 	100	
r_sampling_step_2: 	300	
r_exp_alpha: 	40	
2023-03-03 23:47:14,011 - Vali MSE:159.5795, MAE:1023.8657, SSIM:0.6534, PSNR:30.8486
2023-03-03 23:47:14,017 - Epoch: 1 | Train Loss: 0.6447 Vali Loss: 0.0487

2023-03-03 23:47:53,457 - Vali MSE:119.8168, MAE:811.8553, SSIM:0.7259, PSNR:31.4807
2023-03-03 23:47:53,464 - Epoch: 2 | Train Loss: 0.1699 Vali Loss: 0.0366

2023-03-03 23:48:33,438 - Vali MSE:103.6987, MAE:694.2580, SSIM:0.7708, PSNR:32.6010
2023-03-03 23:48:33,443 - Epoch: 3 | Train Loss: 0.1554 Vali Loss: 0.0316

2023-03-03 23:49:13,635 - Vali MSE:96.6838, MAE:652.6627, SSIM:0.7857, PSNR:32.8169
2023-03-03 23:49:13,641 - Epoch: 4 | Train Loss: 0.1497 Vali Loss: 0.0295

2023-03-03 23:49:53,938 - Vali MSE:92.7612, MAE:679.6631, SSIM:0.7787, PSNR:32.0096
2023-03-03 23:49:53,939 - Epoch: 5 | Train Loss: 0.1455 Vali Loss: 0.0283

2023-03-03 23:50:34,284 - Vali MSE:87.9349, MAE:614.6318, SSIM:0.8205, PSNR:33.8196
2023-03-03 23:50:34,290 - Epoch: 6 | Train Loss: 0.1441 Vali Loss: 0.0268

2023-03-03 23:51:14,824 - Vali MSE:85.9213, MAE:613.4296, SSIM:0.8311, PSNR:34.1145
2023-03-03 23:51:14,830 - Epoch: 7 | Train Loss: 0.1420 Vali Loss: 0.0262

2023-03-03 23:51:55,252 - Vali MSE:83.7256, MAE:605.6434, SSIM:0.8327, PSNR:34.2146
2023-03-03 23:51:55,258 - Epoch: 8 | Train Loss: 0.1404 Vali Loss: 0.0256

2023-03-03 23:52:35,549 - Vali MSE:84.1676, MAE:612.9706, SSIM:0.8032, PSNR:32.5261
2023-03-03 23:52:35,550 - Epoch: 9 | Train Loss: 0.1384 Vali Loss: 0.0257

2023-03-03 23:53:15,281 - Vali MSE:81.6830, MAE:590.6746, SSIM:0.8333, PSNR:34.3457
2023-03-03 23:53:15,288 - Epoch: 10 | Train Loss: 0.1382 Vali Loss: 0.0249

2023-03-03 23:53:55,678 - Vali MSE:77.8136, MAE:547.2231, SSIM:0.8302, PSNR:33.3733
2023-03-03 23:53:55,678 - Epoch: 11 | Train Loss: 0.1366 Vali Loss: 0.0237

2023-03-03 23:54:35,940 - Vali MSE:77.4652, MAE:558.4077, SSIM:0.8446, PSNR:34.5024
2023-03-03 23:54:35,947 - Epoch: 12 | Train Loss: 0.1354 Vali Loss: 0.0236

2023-03-03 23:55:16,229 - Vali MSE:75.2238, MAE:537.6912, SSIM:0.8336, PSNR:33.4091
2023-03-03 23:55:16,230 - Epoch: 13 | Train Loss: 0.1349 Vali Loss: 0.0230

2023-03-03 23:55:56,422 - Vali MSE:73.8068, MAE:533.6244, SSIM:0.8512, PSNR:34.3530
2023-03-03 23:55:56,427 - Epoch: 14 | Train Loss: 0.1343 Vali Loss: 0.0225

2023-03-03 23:56:36,728 - Vali MSE:72.3643, MAE:516.4739, SSIM:0.8529, PSNR:34.2799
2023-03-03 23:56:36,734 - Epoch: 15 | Train Loss: 0.1337 Vali Loss: 0.0221

2023-03-03 23:57:17,066 - Vali MSE:74.0688, MAE:528.4973, SSIM:0.8487, PSNR:34.5072
2023-03-03 23:57:17,072 - Epoch: 16 | Train Loss: 0.1327 Vali Loss: 0.0226

2023-03-03 23:57:56,660 - Vali MSE:74.3183, MAE:533.3873, SSIM:0.8311, PSNR:33.4885
2023-03-03 23:57:56,661 - Epoch: 17 | Train Loss: 0.1333 Vali Loss: 0.0227

2023-03-03 23:58:36,443 - Vali MSE:70.1228, MAE:496.3699, SSIM:0.8485, PSNR:33.9443
2023-03-03 23:58:36,444 - Epoch: 18 | Train Loss: 0.1319 Vali Loss: 0.0214

2023-03-03 23:59:16,719 - Vali MSE:72.6926, MAE:544.1188, SSIM:0.8289, PSNR:33.1236
2023-03-03 23:59:16,719 - Epoch: 19 | Train Loss: 0.1313 Vali Loss: 0.0222

2023-03-03 23:59:56,411 - Vali MSE:71.5015, MAE:544.2692, SSIM:0.8568, PSNR:34.6569
2023-03-03 23:59:56,416 - Epoch: 20 | Train Loss: 0.1318 Vali Loss: 0.0218

2023-03-04 00:00:35,975 - Vali MSE:70.3292, MAE:508.3953, SSIM:0.8574, PSNR:34.7654
2023-03-04 00:00:35,980 - Epoch: 21 | Train Loss: 0.1310 Vali Loss: 0.0215

2023-03-04 00:01:15,517 - Vali MSE:69.5017, MAE:505.4431, SSIM:0.8516, PSNR:34.1022
2023-03-04 00:01:15,522 - Epoch: 22 | Train Loss: 0.1303 Vali Loss: 0.0212

2023-03-04 00:01:55,931 - Vali MSE:68.6796, MAE:494.6847, SSIM:0.8542, PSNR:34.2249
2023-03-04 00:01:55,937 - Epoch: 23 | Train Loss: 0.1300 Vali Loss: 0.0210

2023-03-04 00:02:36,387 - Vali MSE:67.3696, MAE:483.0862, SSIM:0.8634, PSNR:34.4872
2023-03-04 00:02:36,392 - Epoch: 24 | Train Loss: 0.1292 Vali Loss: 0.0206

2023-03-04 00:03:16,601 - Vali MSE:73.9517, MAE:549.6445, SSIM:0.8237, PSNR:32.9653
2023-03-04 00:03:16,602 - Epoch: 25 | Train Loss: 0.1299 Vali Loss: 0.0226

2023-03-04 00:03:56,201 - Vali MSE:66.2188, MAE:489.7334, SSIM:0.8510, PSNR:33.8723
2023-03-04 00:03:56,206 - Epoch: 26 | Train Loss: 0.1291 Vali Loss: 0.0202

2023-03-04 00:04:36,591 - Vali MSE:69.6912, MAE:560.5936, SSIM:0.8679, PSNR:35.0253
2023-03-04 00:04:36,596 - Epoch: 27 | Train Loss: 0.1287 Vali Loss: 0.0213

2023-03-04 00:05:16,206 - Vali MSE:69.9848, MAE:523.5205, SSIM:0.8376, PSNR:33.2177
2023-03-04 00:05:16,213 - Epoch: 28 | Train Loss: 0.1285 Vali Loss: 0.0214

2023-03-04 00:05:55,845 - Vali MSE:66.3752, MAE:492.1199, SSIM:0.8518, PSNR:33.9110
2023-03-04 00:05:55,851 - Epoch: 29 | Train Loss: 0.1281 Vali Loss: 0.0203

2023-03-04 00:06:35,443 - Vali MSE:65.5279, MAE:486.1750, SSIM:0.8689, PSNR:34.5530
2023-03-04 00:06:35,448 - Epoch: 30 | Train Loss: 0.1276 Vali Loss: 0.0200

2023-03-04 00:07:15,674 - Vali MSE:64.5448, MAE:460.2394, SSIM:0.8657, PSNR:34.4275
2023-03-04 00:07:15,679 - Epoch: 31 | Train Loss: 0.1273 Vali Loss: 0.0197

2023-03-04 00:07:56,003 - Vali MSE:64.8575, MAE:472.6959, SSIM:0.8618, PSNR:34.2952
2023-03-04 00:07:56,004 - Epoch: 32 | Train Loss: 0.1270 Vali Loss: 0.0198

2023-03-04 00:08:35,699 - Vali MSE:65.4153, MAE:483.4300, SSIM:0.8692, PSNR:34.7740
2023-03-04 00:08:35,699 - Epoch: 33 | Train Loss: 0.1273 Vali Loss: 0.0200

2023-03-04 00:09:15,352 - Vali MSE:70.0227, MAE:517.2538, SSIM:0.8341, PSNR:33.5074
2023-03-04 00:09:15,352 - Epoch: 34 | Train Loss: 0.1281 Vali Loss: 0.0214

2023-03-04 00:09:55,014 - Vali MSE:64.2388, MAE:476.3248, SSIM:0.8686, PSNR:34.6307
2023-03-04 00:09:55,020 - Epoch: 35 | Train Loss: 0.1268 Vali Loss: 0.0196

2023-03-04 00:10:35,274 - Vali MSE:67.9567, MAE:485.0607, SSIM:0.8534, PSNR:34.5331
2023-03-04 00:10:35,279 - Epoch: 36 | Train Loss: 0.1267 Vali Loss: 0.0207

2023-03-04 00:11:14,626 - Vali MSE:64.2796, MAE:470.0105, SSIM:0.8607, PSNR:34.0175
2023-03-04 00:11:14,632 - Epoch: 37 | Train Loss: 0.1266 Vali Loss: 0.0196

2023-03-04 00:11:53,821 - Vali MSE:62.7677, MAE:451.4036, SSIM:0.8697, PSNR:34.6658
2023-03-04 00:11:53,826 - Epoch: 38 | Train Loss: 0.1259 Vali Loss: 0.0192

2023-03-04 00:12:33,836 - Vali MSE:62.7781, MAE:462.6357, SSIM:0.8681, PSNR:34.4781
2023-03-04 00:12:33,842 - Epoch: 39 | Train Loss: 0.1258 Vali Loss: 0.0192

2023-03-04 00:13:13,124 - Vali MSE:63.1744, MAE:463.5315, SSIM:0.8693, PSNR:34.4246
2023-03-04 00:13:13,129 - Epoch: 40 | Train Loss: 0.1258 Vali Loss: 0.0193

2023-03-04 00:13:52,402 - Vali MSE:68.4182, MAE:538.5646, SSIM:0.8361, PSNR:33.0888
2023-03-04 00:13:52,408 - Epoch: 41 | Train Loss: 0.1254 Vali Loss: 0.0209

2023-03-04 00:14:31,795 - Vali MSE:63.1979, MAE:467.5872, SSIM:0.8718, PSNR:34.7079
2023-03-04 00:14:31,799 - Epoch: 42 | Train Loss: 0.1252 Vali Loss: 0.0193

2023-03-04 00:15:11,180 - Vali MSE:68.1744, MAE:533.6914, SSIM:0.8647, PSNR:35.2200
2023-03-04 00:15:11,186 - Epoch: 43 | Train Loss: 0.1252 Vali Loss: 0.0208

2023-03-04 00:15:50,369 - Vali MSE:62.2645, MAE:463.4219, SSIM:0.8656, PSNR:34.1848
2023-03-04 00:15:50,375 - Epoch: 44 | Train Loss: 0.1248 Vali Loss: 0.0190

2023-03-04 00:16:30,275 - Vali MSE:65.7370, MAE:517.3265, SSIM:0.8411, PSNR:33.3309
2023-03-04 00:16:30,281 - Epoch: 45 | Train Loss: 0.1246 Vali Loss: 0.0201

2023-03-04 00:17:09,668 - Vali MSE:63.3140, MAE:471.0687, SSIM:0.8631, PSNR:33.9872
2023-03-04 00:17:09,670 - Epoch: 46 | Train Loss: 0.1248 Vali Loss: 0.0193

2023-03-04 00:17:49,188 - Vali MSE:65.9376, MAE:508.1875, SSIM:0.8432, PSNR:33.3487
2023-03-04 00:17:49,194 - Epoch: 47 | Train Loss: 0.1247 Vali Loss: 0.0201

2023-03-04 00:18:28,449 - Vali MSE:64.6673, MAE:478.2430, SSIM:0.8607, PSNR:34.3078
2023-03-04 00:18:28,449 - Epoch: 48 | Train Loss: 0.1258 Vali Loss: 0.0197

2023-03-04 00:19:07,701 - Vali MSE:62.7143, MAE:471.1186, SSIM:0.8714, PSNR:34.4333
2023-03-04 00:19:07,702 - Epoch: 49 | Train Loss: 0.1244 Vali Loss: 0.0191

2023-03-04 00:19:47,238 - Vali MSE:61.7807, MAE:466.5508, SSIM:0.8759, PSNR:34.5693
2023-03-04 00:19:47,244 - Epoch: 50 | Train Loss: 0.1234 Vali Loss: 0.0189

2023-03-04 00:20:27,512 - Vali MSE:61.0241, MAE:449.4137, SSIM:0.8718, PSNR:34.4478
2023-03-04 00:20:27,518 - Epoch: 51 | Train Loss: 0.1234 Vali Loss: 0.0186

2023-03-04 00:21:07,822 - Vali MSE:61.6249, MAE:449.2998, SSIM:0.8744, PSNR:34.7101
2023-03-04 00:21:07,827 - Epoch: 52 | Train Loss: 0.1231 Vali Loss: 0.0188

2023-03-04 00:21:47,475 - Vali MSE:60.6083, MAE:448.7716, SSIM:0.8730, PSNR:34.5245
2023-03-04 00:21:47,481 - Epoch: 53 | Train Loss: 0.1232 Vali Loss: 0.0185

2023-03-04 00:22:27,937 - Vali MSE:62.3220, MAE:462.4402, SSIM:0.8690, PSNR:34.2644
2023-03-04 00:22:27,943 - Epoch: 54 | Train Loss: 0.1230 Vali Loss: 0.0190

2023-03-04 00:23:07,675 - Vali MSE:61.1333, MAE:452.4166, SSIM:0.8748, PSNR:34.5369
2023-03-04 00:23:07,676 - Epoch: 55 | Train Loss: 0.1225 Vali Loss: 0.0187

2023-03-04 00:23:47,463 - Vali MSE:64.4007, MAE:492.2443, SSIM:0.8538, PSNR:33.7172
2023-03-04 00:23:47,468 - Epoch: 56 | Train Loss: 0.1232 Vali Loss: 0.0197

2023-03-04 00:24:27,200 - Vali MSE:62.1298, MAE:456.5738, SSIM:0.8704, PSNR:34.4458
2023-03-04 00:24:27,206 - Epoch: 57 | Train Loss: 0.1226 Vali Loss: 0.0190

2023-03-04 00:25:06,901 - Vali MSE:61.9443, MAE:463.4512, SSIM:0.8684, PSNR:34.2167
2023-03-04 00:25:06,907 - Epoch: 58 | Train Loss: 0.1226 Vali Loss: 0.0189

2023-03-04 00:25:46,558 - Vali MSE:61.4592, MAE:458.6715, SSIM:0.8751, PSNR:34.4923
2023-03-04 00:25:46,564 - Epoch: 59 | Train Loss: 0.1223 Vali Loss: 0.0188

2023-03-04 00:26:26,235 - Vali MSE:61.4293, MAE:454.9398, SSIM:0.8723, PSNR:34.3624
2023-03-04 00:26:26,241 - Epoch: 60 | Train Loss: 0.1215 Vali Loss: 0.0187

2023-03-04 00:27:05,883 - Vali MSE:61.3322, MAE:459.8033, SSIM:0.8729, PSNR:34.4373
2023-03-04 00:27:05,888 - Epoch: 61 | Train Loss: 0.1216 Vali Loss: 0.0187

2023-03-04 00:27:45,540 - Vali MSE:61.4283, MAE:449.7502, SSIM:0.8741, PSNR:34.6773
2023-03-04 00:27:45,545 - Epoch: 62 | Train Loss: 0.1217 Vali Loss: 0.0187

2023-03-04 00:28:25,226 - Vali MSE:64.6579, MAE:473.4554, SSIM:0.8672, PSNR:34.8198
2023-03-04 00:28:25,231 - Epoch: 63 | Train Loss: 0.1219 Vali Loss: 0.0197

2023-03-04 00:29:04,885 - Vali MSE:61.9170, MAE:465.6949, SSIM:0.8717, PSNR:34.5114
2023-03-04 00:29:04,890 - Epoch: 64 | Train Loss: 0.1221 Vali Loss: 0.0189

2023-03-04 00:29:44,566 - Vali MSE:61.7190, MAE:467.7240, SSIM:0.8670, PSNR:34.2003
2023-03-04 00:29:44,571 - Epoch: 65 | Train Loss: 0.1215 Vali Loss: 0.0188

2023-03-04 00:30:24,223 - Vali MSE:62.9771, MAE:470.0476, SSIM:0.8649, PSNR:34.1275
2023-03-04 00:30:24,223 - Epoch: 66 | Train Loss: 0.1211 Vali Loss: 0.0192

2023-03-04 00:31:03,991 - Vali MSE:64.2341, MAE:474.0323, SSIM:0.8718, PSNR:34.9071
2023-03-04 00:31:03,996 - Epoch: 67 | Train Loss: 0.1211 Vali Loss: 0.0196

2023-03-04 00:31:43,716 - Vali MSE:63.0885, MAE:486.3113, SSIM:0.8601, PSNR:33.9637
2023-03-04 00:31:43,722 - Epoch: 68 | Train Loss: 0.1210 Vali Loss: 0.0193

2023-03-04 00:32:23,107 - Vali MSE:61.9938, MAE:458.6114, SSIM:0.8716, PSNR:34.4796
2023-03-04 00:32:23,113 - Epoch: 69 | Train Loss: 0.1204 Vali Loss: 0.0189

2023-03-04 00:33:02,480 - Vali MSE:61.8344, MAE:452.0825, SSIM:0.8735, PSNR:34.5900
2023-03-04 00:33:02,486 - Epoch: 70 | Train Loss: 0.1204 Vali Loss: 0.0189

2023-03-04 00:33:41,801 - Vali MSE:65.0784, MAE:503.8542, SSIM:0.8495, PSNR:33.4333
2023-03-04 00:33:41,801 - Epoch: 71 | Train Loss: 0.1205 Vali Loss: 0.0199

2023-03-04 00:34:21,024 - Vali MSE:61.4358, MAE:459.4871, SSIM:0.8714, PSNR:34.3666
2023-03-04 00:34:21,030 - Epoch: 72 | Train Loss: 0.1203 Vali Loss: 0.0187

2023-03-04 00:35:00,274 - Vali MSE:64.7458, MAE:508.8651, SSIM:0.8731, PSNR:34.8503
2023-03-04 00:35:00,279 - Epoch: 73 | Train Loss: 0.1206 Vali Loss: 0.0198

2023-03-04 00:35:39,646 - Vali MSE:61.9523, MAE:463.3082, SSIM:0.8747, PSNR:34.6008
2023-03-04 00:35:39,646 - Epoch: 74 | Train Loss: 0.1205 Vali Loss: 0.0189

2023-03-04 00:36:18,900 - Vali MSE:62.0179, MAE:457.5666, SSIM:0.8764, PSNR:34.7933
2023-03-04 00:36:18,906 - Epoch: 75 | Train Loss: 0.1199 Vali Loss: 0.0189

2023-03-04 00:36:58,136 - Vali MSE:62.2420, MAE:470.9760, SSIM:0.8736, PSNR:34.3868
2023-03-04 00:36:58,137 - Epoch: 76 | Train Loss: 0.1194 Vali Loss: 0.0190

2023-03-04 00:37:37,420 - Vali MSE:61.9921, MAE:467.9284, SSIM:0.8771, PSNR:34.8024
2023-03-04 00:37:37,425 - Epoch: 77 | Train Loss: 0.1195 Vali Loss: 0.0189

2023-03-04 00:38:16,763 - Vali MSE:62.3609, MAE:474.8582, SSIM:0.8634, PSNR:33.8574
2023-03-04 00:38:16,764 - Epoch: 78 | Train Loss: 0.1193 Vali Loss: 0.0190

2023-03-04 00:38:56,130 - Vali MSE:64.1891, MAE:483.0072, SSIM:0.8591, PSNR:33.8964
2023-03-04 00:38:56,130 - Epoch: 79 | Train Loss: 0.1191 Vali Loss: 0.0196

2023-03-04 00:39:35,511 - Vali MSE:62.0218, MAE:457.2471, SSIM:0.8748, PSNR:34.6151
2023-03-04 00:39:35,517 - Epoch: 80 | Train Loss: 0.1187 Vali Loss: 0.0189

2023-03-04 00:40:14,888 - Vali MSE:62.5127, MAE:466.5892, SSIM:0.8697, PSNR:34.2487
2023-03-04 00:40:14,892 - Epoch: 81 | Train Loss: 0.1186 Vali Loss: 0.0191

2023-03-04 00:40:54,155 - Vali MSE:63.2953, MAE:474.9350, SSIM:0.8726, PSNR:34.6326
2023-03-04 00:40:54,160 - Epoch: 82 | Train Loss: 0.1188 Vali Loss: 0.0193

2023-03-04 00:41:33,510 - Vali MSE:62.6108, MAE:463.4200, SSIM:0.8712, PSNR:34.4191
2023-03-04 00:41:33,516 - Epoch: 83 | Train Loss: 0.1183 Vali Loss: 0.0191

2023-03-04 00:42:12,866 - Vali MSE:63.0316, MAE:466.6895, SSIM:0.8739, PSNR:34.5531
2023-03-04 00:42:12,867 - Epoch: 84 | Train Loss: 0.1182 Vali Loss: 0.0192

2023-03-04 00:42:52,238 - Vali MSE:62.2143, MAE:454.8259, SSIM:0.8713, PSNR:34.5447
2023-03-04 00:42:52,244 - Epoch: 85 | Train Loss: 0.1181 Vali Loss: 0.0190

2023-03-04 00:43:31,573 - Vali MSE:61.5792, MAE:457.8813, SSIM:0.8770, PSNR:34.7131
2023-03-04 00:43:31,578 - Epoch: 86 | Train Loss: 0.1184 Vali Loss: 0.0188

2023-03-04 00:44:10,826 - Vali MSE:64.4886, MAE:484.8069, SSIM:0.8618, PSNR:34.0362
2023-03-04 00:44:10,832 - Epoch: 87 | Train Loss: 0.1182 Vali Loss: 0.0197

2023-03-04 00:44:50,086 - Vali MSE:63.3696, MAE:478.7579, SSIM:0.8661, PSNR:34.0273
2023-03-04 00:44:50,087 - Epoch: 88 | Train Loss: 0.1178 Vali Loss: 0.0193

2023-03-04 00:45:29,420 - Vali MSE:62.5664, MAE:469.5701, SSIM:0.8672, PSNR:34.1290
2023-03-04 00:45:29,426 - Epoch: 89 | Train Loss: 0.1175 Vali Loss: 0.0191

2023-03-04 00:46:08,658 - Vali MSE:62.5801, MAE:462.3144, SSIM:0.8708, PSNR:34.3845
2023-03-04 00:46:08,663 - Epoch: 90 | Train Loss: 0.1174 Vali Loss: 0.0191

2023-03-04 00:46:47,936 - Vali MSE:64.0040, MAE:476.5731, SSIM:0.8643, PSNR:34.0897
2023-03-04 00:46:47,941 - Epoch: 91 | Train Loss: 0.1173 Vali Loss: 0.0195

2023-03-04 00:47:27,194 - Vali MSE:65.2978, MAE:502.0416, SSIM:0.8557, PSNR:33.8260
2023-03-04 00:47:27,196 - Epoch: 92 | Train Loss: 0.1176 Vali Loss: 0.0199

2023-03-04 00:48:06,505 - Vali MSE:63.1572, MAE:463.6732, SSIM:0.8727, PSNR:34.5969
2023-03-04 00:48:06,506 - Epoch: 93 | Train Loss: 0.1172 Vali Loss: 0.0193

2023-03-04 00:48:45,778 - Vali MSE:62.6157, MAE:456.5541, SSIM:0.8709, PSNR:34.4389
2023-03-04 00:48:45,779 - Epoch: 94 | Train Loss: 0.1169 Vali Loss: 0.0191

2023-03-04 00:49:25,071 - Vali MSE:65.0425, MAE:474.8875, SSIM:0.8658, PSNR:34.2233
2023-03-04 00:49:25,072 - Epoch: 95 | Train Loss: 0.1167 Vali Loss: 0.0198

2023-03-04 00:50:04,302 - Vali MSE:62.8658, MAE:462.4432, SSIM:0.8741, PSNR:34.7138
2023-03-04 00:50:04,302 - Epoch: 96 | Train Loss: 0.1164 Vali Loss: 0.0192

2023-03-04 00:50:43,563 - Vali MSE:65.6079, MAE:523.1371, SSIM:0.8427, PSNR:33.2091
2023-03-04 00:50:43,564 - Epoch: 97 | Train Loss: 0.1184 Vali Loss: 0.0200

2023-03-04 00:51:22,882 - Vali MSE:64.7306, MAE:479.8685, SSIM:0.8652, PSNR:34.2786
2023-03-04 00:51:22,887 - Epoch: 98 | Train Loss: 0.1173 Vali Loss: 0.0198

2023-03-04 00:52:02,242 - Vali MSE:63.5602, MAE:474.0086, SSIM:0.8696, PSNR:34.3809
2023-03-04 00:52:02,247 - Epoch: 99 | Train Loss: 0.1167 Vali Loss: 0.0194

2023-03-04 00:52:41,562 - Vali MSE:64.1590, MAE:473.6270, SSIM:0.8711, PSNR:34.5335
2023-03-04 00:52:41,567 - Epoch: 100 | Train Loss: 0.1162 Vali Loss: 0.0196

2023-03-04 00:53:20,754 - Vali MSE:63.2410, MAE:457.2584, SSIM:0.8739, PSNR:34.7055
2023-03-04 00:53:20,759 - Epoch: 101 | Train Loss: 0.1157 Vali Loss: 0.0193

2023-03-04 00:54:00,032 - Vali MSE:65.7720, MAE:482.5440, SSIM:0.8613, PSNR:34.0519
2023-03-04 00:54:00,037 - Epoch: 102 | Train Loss: 0.1156 Vali Loss: 0.0201

2023-03-04 00:54:39,328 - Vali MSE:63.3518, MAE:459.3940, SSIM:0.8730, PSNR:34.6775
2023-03-04 00:54:39,333 - Epoch: 103 | Train Loss: 0.1155 Vali Loss: 0.0193

2023-03-04 00:55:18,678 - Vali MSE:64.5024, MAE:471.4796, SSIM:0.8671, PSNR:34.3434
2023-03-04 00:55:18,684 - Epoch: 104 | Train Loss: 0.1154 Vali Loss: 0.0197

2023-03-04 00:55:57,931 - Vali MSE:65.5755, MAE:487.1675, SSIM:0.8716, PSNR:34.7730
2023-03-04 00:55:57,936 - Epoch: 105 | Train Loss: 0.1155 Vali Loss: 0.0200

2023-03-04 00:56:37,127 - Vali MSE:64.9849, MAE:481.1044, SSIM:0.8695, PSNR:34.4106
2023-03-04 00:56:37,128 - Epoch: 106 | Train Loss: 0.1153 Vali Loss: 0.0198

2023-03-04 00:57:16,441 - Vali MSE:64.6694, MAE:467.3799, SSIM:0.8706, PSNR:34.6686
2023-03-04 00:57:16,447 - Epoch: 107 | Train Loss: 0.1151 Vali Loss: 0.0197

2023-03-04 00:57:55,678 - Vali MSE:65.0985, MAE:471.1998, SSIM:0.8691, PSNR:34.5151
2023-03-04 00:57:55,684 - Epoch: 108 | Train Loss: 0.1148 Vali Loss: 0.0199

2023-03-04 00:58:34,915 - Vali MSE:63.8210, MAE:462.2507, SSIM:0.8739, PSNR:34.6928
2023-03-04 00:58:34,920 - Epoch: 109 | Train Loss: 0.1146 Vali Loss: 0.0195

2023-03-04 00:59:14,183 - Vali MSE:64.3577, MAE:465.8394, SSIM:0.8694, PSNR:34.5057
2023-03-04 00:59:14,188 - Epoch: 110 | Train Loss: 0.1146 Vali Loss: 0.0196

2023-03-04 00:59:53,468 - Vali MSE:66.1897, MAE:481.0011, SSIM:0.8641, PSNR:34.3133
2023-03-04 00:59:53,473 - Epoch: 111 | Train Loss: 0.1146 Vali Loss: 0.0202

2023-03-04 01:00:32,695 - Vali MSE:65.8819, MAE:477.4308, SSIM:0.8713, PSNR:34.9784
2023-03-04 01:00:32,700 - Epoch: 112 | Train Loss: 0.1146 Vali Loss: 0.0201

2023-03-04 01:01:11,943 - Vali MSE:67.2358, MAE:489.8196, SSIM:0.8566, PSNR:33.9345
2023-03-04 01:01:11,948 - Epoch: 113 | Train Loss: 0.1145 Vali Loss: 0.0205

2023-03-04 01:01:51,294 - Vali MSE:68.2971, MAE:495.8387, SSIM:0.8552, PSNR:34.1183
2023-03-04 01:01:51,299 - Epoch: 114 | Train Loss: 0.1145 Vali Loss: 0.0208

2023-03-04 01:02:30,523 - Vali MSE:66.1238, MAE:485.3984, SSIM:0.8711, PSNR:34.7606
2023-03-04 01:02:30,528 - Epoch: 115 | Train Loss: 0.1142 Vali Loss: 0.0202

2023-03-04 01:03:09,790 - Vali MSE:65.9725, MAE:479.9434, SSIM:0.8608, PSNR:34.1876
2023-03-04 01:03:09,796 - Epoch: 116 | Train Loss: 0.1142 Vali Loss: 0.0201

2023-03-04 01:03:48,944 - Vali MSE:66.3925, MAE:468.9480, SSIM:0.8666, PSNR:34.4515
2023-03-04 01:03:48,950 - Epoch: 117 | Train Loss: 0.1139 Vali Loss: 0.0203

2023-03-04 01:04:28,170 - Vali MSE:68.5149, MAE:500.5459, SSIM:0.8568, PSNR:34.0805
2023-03-04 01:04:28,176 - Epoch: 118 | Train Loss: 0.1139 Vali Loss: 0.0209

2023-03-04 01:05:07,365 - Vali MSE:65.2753, MAE:466.7462, SSIM:0.8695, PSNR:34.5444
2023-03-04 01:05:07,370 - Epoch: 119 | Train Loss: 0.1138 Vali Loss: 0.0199

2023-03-04 01:05:46,579 - Vali MSE:65.9797, MAE:475.7327, SSIM:0.8665, PSNR:34.4325
2023-03-04 01:05:46,580 - Epoch: 120 | Train Loss: 0.1134 Vali Loss: 0.0201

2023-03-04 01:06:25,779 - Vali MSE:67.0111, MAE:482.5228, SSIM:0.8627, PSNR:34.2206
2023-03-04 01:06:25,785 - Epoch: 121 | Train Loss: 0.1131 Vali Loss: 0.0205

2023-03-04 01:07:05,025 - Vali MSE:65.6711, MAE:470.2951, SSIM:0.8687, PSNR:34.6393
2023-03-04 01:07:05,030 - Epoch: 122 | Train Loss: 0.1131 Vali Loss: 0.0200

2023-03-04 01:07:44,208 - Vali MSE:67.0178, MAE:485.8923, SSIM:0.8589, PSNR:34.1194
2023-03-04 01:07:44,213 - Epoch: 123 | Train Loss: 0.1131 Vali Loss: 0.0205

2023-03-04 01:08:23,354 - Vali MSE:66.9642, MAE:481.3443, SSIM:0.8609, PSNR:34.3101
2023-03-04 01:08:23,354 - Epoch: 124 | Train Loss: 0.1132 Vali Loss: 0.0204

2023-03-04 01:09:02,653 - Vali MSE:67.1154, MAE:484.2448, SSIM:0.8640, PSNR:34.3487
2023-03-04 01:09:02,660 - Epoch: 125 | Train Loss: 0.1136 Vali Loss: 0.0205

2023-03-04 01:09:41,933 - Vali MSE:65.9527, MAE:475.7892, SSIM:0.8604, PSNR:34.1808
2023-03-04 01:09:41,939 - Epoch: 126 | Train Loss: 0.1134 Vali Loss: 0.0201

2023-03-04 01:10:21,155 - Vali MSE:68.6645, MAE:501.8059, SSIM:0.8540, PSNR:33.9102
2023-03-04 01:10:21,156 - Epoch: 127 | Train Loss: 0.1130 Vali Loss: 0.0210

2023-03-04 01:11:00,410 - Vali MSE:65.5645, MAE:464.1973, SSIM:0.8691, PSNR:34.5566
2023-03-04 01:11:00,415 - Epoch: 128 | Train Loss: 0.1127 Vali Loss: 0.0200

2023-03-04 01:11:39,774 - Vali MSE:66.9166, MAE:474.5739, SSIM:0.8612, PSNR:34.2317
2023-03-04 01:11:39,779 - Epoch: 129 | Train Loss: 0.1124 Vali Loss: 0.0204

2023-03-04 01:12:19,035 - Vali MSE:65.8400, MAE:466.8016, SSIM:0.8692, PSNR:34.6493
2023-03-04 01:12:19,035 - Epoch: 130 | Train Loss: 0.1122 Vali Loss: 0.0201

2023-03-04 01:12:58,349 - Vali MSE:67.4740, MAE:476.5577, SSIM:0.8650, PSNR:34.4601
2023-03-04 01:12:58,350 - Epoch: 131 | Train Loss: 0.1121 Vali Loss: 0.0206

2023-03-04 01:13:37,699 - Vali MSE:68.6279, MAE:493.6338, SSIM:0.8558, PSNR:33.9593
2023-03-04 01:13:37,699 - Epoch: 132 | Train Loss: 0.1120 Vali Loss: 0.0209

2023-03-04 01:14:17,050 - Vali MSE:66.9970, MAE:474.1414, SSIM:0.8667, PSNR:34.4611
2023-03-04 01:14:17,055 - Epoch: 133 | Train Loss: 0.1120 Vali Loss: 0.0204

2023-03-04 01:14:56,286 - Vali MSE:68.6478, MAE:484.8321, SSIM:0.8648, PSNR:34.4897
2023-03-04 01:14:56,291 - Epoch: 134 | Train Loss: 0.1118 Vali Loss: 0.0209

2023-03-04 01:15:35,541 - Vali MSE:69.0620, MAE:488.9446, SSIM:0.8623, PSNR:34.3785
2023-03-04 01:15:35,547 - Epoch: 135 | Train Loss: 0.1116 Vali Loss: 0.0211

2023-03-04 01:16:14,780 - Vali MSE:68.1948, MAE:495.4707, SSIM:0.8593, PSNR:34.1639
2023-03-04 01:16:14,785 - Epoch: 136 | Train Loss: 0.1124 Vali Loss: 0.0208

2023-03-04 01:16:54,054 - Vali MSE:69.1192, MAE:488.7809, SSIM:0.8598, PSNR:34.2466
2023-03-04 01:16:54,059 - Epoch: 137 | Train Loss: 0.1119 Vali Loss: 0.0211

2023-03-04 01:17:33,375 - Vali MSE:67.0830, MAE:481.8123, SSIM:0.8606, PSNR:34.1706
2023-03-04 01:17:33,380 - Epoch: 138 | Train Loss: 0.1116 Vali Loss: 0.0205

2023-03-04 01:18:12,618 - Vali MSE:68.7273, MAE:483.2462, SSIM:0.8609, PSNR:34.3635
2023-03-04 01:18:12,623 - Epoch: 139 | Train Loss: 0.1116 Vali Loss: 0.0210

2023-03-04 01:18:51,803 - Vali MSE:67.5428, MAE:482.3162, SSIM:0.8687, PSNR:34.7225
2023-03-04 01:18:51,808 - Epoch: 140 | Train Loss: 0.1118 Vali Loss: 0.0206

2023-03-04 01:19:31,007 - Vali MSE:69.4491, MAE:516.4999, SSIM:0.8651, PSNR:34.5710
2023-03-04 01:19:31,012 - Epoch: 141 | Train Loss: 0.1125 Vali Loss: 0.0212

2023-03-04 01:20:10,251 - Vali MSE:66.8752, MAE:481.2702, SSIM:0.8589, PSNR:34.0789
2023-03-04 01:20:10,252 - Epoch: 142 | Train Loss: 0.1118 Vali Loss: 0.0204

2023-03-04 01:20:49,485 - Vali MSE:68.0907, MAE:483.8119, SSIM:0.8624, PSNR:34.3868
2023-03-04 01:20:49,491 - Epoch: 143 | Train Loss: 0.1113 Vali Loss: 0.0208

2023-03-04 01:21:28,738 - Vali MSE:68.0700, MAE:480.7351, SSIM:0.8672, PSNR:34.6090
2023-03-04 01:21:28,739 - Epoch: 144 | Train Loss: 0.1111 Vali Loss: 0.0208

2023-03-04 01:22:08,016 - Vali MSE:68.9311, MAE:482.7147, SSIM:0.8641, PSNR:34.4451
2023-03-04 01:22:08,022 - Epoch: 145 | Train Loss: 0.1108 Vali Loss: 0.0210

2023-03-04 01:22:47,287 - Vali MSE:67.5736, MAE:476.1724, SSIM:0.8682, PSNR:34.6603
2023-03-04 01:22:47,292 - Epoch: 146 | Train Loss: 0.1109 Vali Loss: 0.0206

2023-03-04 01:23:26,543 - Vali MSE:69.0739, MAE:492.0394, SSIM:0.8669, PSNR:34.6587
2023-03-04 01:23:26,544 - Epoch: 147 | Train Loss: 0.1110 Vali Loss: 0.0211

2023-03-04 01:24:05,774 - Vali MSE:71.2761, MAE:518.8102, SSIM:0.8649, PSNR:34.8125
2023-03-04 01:24:05,780 - Epoch: 148 | Train Loss: 0.1112 Vali Loss: 0.0218

2023-03-04 01:24:45,024 - Vali MSE:68.8272, MAE:495.8910, SSIM:0.8587, PSNR:34.2014
2023-03-04 01:24:45,025 - Epoch: 149 | Train Loss: 0.1120 Vali Loss: 0.0210

2023-03-04 01:25:24,351 - Vali MSE:69.2647, MAE:491.1283, SSIM:0.8589, PSNR:34.2054
2023-03-04 01:25:24,356 - Epoch: 150 | Train Loss: 0.1113 Vali Loss: 0.0211

2023-03-04 01:26:03,560 - Vali MSE:68.3466, MAE:481.7746, SSIM:0.8637, PSNR:34.4308
2023-03-04 01:26:03,565 - Epoch: 151 | Train Loss: 0.1108 Vali Loss: 0.0209

2023-03-04 01:26:42,882 - Vali MSE:68.5202, MAE:484.2367, SSIM:0.8630, PSNR:34.4108
2023-03-04 01:26:42,886 - Epoch: 152 | Train Loss: 0.1107 Vali Loss: 0.0209

2023-03-04 01:27:22,252 - Vali MSE:68.9082, MAE:482.6983, SSIM:0.8612, PSNR:34.4016
2023-03-04 01:27:22,257 - Epoch: 153 | Train Loss: 0.1107 Vali Loss: 0.0210

2023-03-04 01:28:01,516 - Vali MSE:69.8550, MAE:492.6090, SSIM:0.8550, PSNR:34.0880
2023-03-04 01:28:01,521 - Epoch: 154 | Train Loss: 0.1103 Vali Loss: 0.0213

2023-03-04 01:28:40,689 - Vali MSE:68.5942, MAE:478.4291, SSIM:0.8643, PSNR:34.5114
2023-03-04 01:28:40,695 - Epoch: 155 | Train Loss: 0.1102 Vali Loss: 0.0209

2023-03-04 01:29:19,915 - Vali MSE:71.0989, MAE:498.2635, SSIM:0.8574, PSNR:34.2052
2023-03-04 01:29:19,916 - Epoch: 156 | Train Loss: 0.1101 Vali Loss: 0.0217

2023-03-04 01:29:59,221 - Vali MSE:69.1785, MAE:482.3318, SSIM:0.8610, PSNR:34.3810
2023-03-04 01:29:59,226 - Epoch: 157 | Train Loss: 0.1099 Vali Loss: 0.0211

2023-03-04 01:30:38,356 - Vali MSE:69.8977, MAE:483.2946, SSIM:0.8591, PSNR:34.3565
2023-03-04 01:30:38,362 - Epoch: 158 | Train Loss: 0.1097 Vali Loss: 0.0213

2023-03-04 01:31:17,567 - Vali MSE:70.5736, MAE:496.6644, SSIM:0.8629, PSNR:34.5197
2023-03-04 01:31:17,571 - Epoch: 159 | Train Loss: 0.1101 Vali Loss: 0.0215

2023-03-04 01:31:56,786 - Vali MSE:69.2348, MAE:483.2325, SSIM:0.8601, PSNR:34.3366
2023-03-04 01:31:56,791 - Epoch: 160 | Train Loss: 0.1098 Vali Loss: 0.0211

2023-03-04 01:32:36,023 - Vali MSE:69.9872, MAE:485.9020, SSIM:0.8618, PSNR:34.4672
2023-03-04 01:32:36,023 - Epoch: 161 | Train Loss: 0.1096 Vali Loss: 0.0214

2023-03-04 01:33:15,334 - Vali MSE:70.3037, MAE:496.1386, SSIM:0.8556, PSNR:34.1172
2023-03-04 01:33:15,340 - Epoch: 162 | Train Loss: 0.1104 Vali Loss: 0.0215

2023-03-04 01:33:54,561 - Vali MSE:68.1727, MAE:478.1891, SSIM:0.8614, PSNR:34.2786
2023-03-04 01:33:54,562 - Epoch: 163 | Train Loss: 0.1101 Vali Loss: 0.0208

2023-03-04 01:34:33,826 - Vali MSE:70.1119, MAE:483.0240, SSIM:0.8614, PSNR:34.4480
2023-03-04 01:34:33,830 - Epoch: 164 | Train Loss: 0.1098 Vali Loss: 0.0214

2023-03-04 01:35:13,069 - Vali MSE:69.8310, MAE:494.8669, SSIM:0.8644, PSNR:34.6367
2023-03-04 01:35:13,070 - Epoch: 165 | Train Loss: 0.1099 Vali Loss: 0.0213

2023-03-04 01:35:52,306 - Vali MSE:70.3892, MAE:498.0634, SSIM:0.8526, PSNR:34.0341
2023-03-04 01:35:52,311 - Epoch: 166 | Train Loss: 0.1095 Vali Loss: 0.0215

2023-03-04 01:36:31,538 - Vali MSE:68.8482, MAE:478.6392, SSIM:0.8620, PSNR:34.4827
2023-03-04 01:36:31,543 - Epoch: 167 | Train Loss: 0.1095 Vali Loss: 0.0210

2023-03-04 01:37:10,793 - Vali MSE:70.5338, MAE:493.8418, SSIM:0.8639, PSNR:34.6480
2023-03-04 01:37:10,793 - Epoch: 168 | Train Loss: 0.1096 Vali Loss: 0.0215

2023-03-04 01:37:50,100 - Vali MSE:70.1211, MAE:496.7737, SSIM:0.8662, PSNR:34.7892
2023-03-04 01:37:50,105 - Epoch: 169 | Train Loss: 0.1092 Vali Loss: 0.0214

2023-03-04 01:38:29,362 - Vali MSE:70.7703, MAE:497.8821, SSIM:0.8497, PSNR:34.0006
2023-03-04 01:38:29,363 - Epoch: 170 | Train Loss: 0.1091 Vali Loss: 0.0216

2023-03-04 01:39:08,616 - Vali MSE:68.5320, MAE:475.7004, SSIM:0.8647, PSNR:34.5681
2023-03-04 01:39:08,621 - Epoch: 171 | Train Loss: 0.1092 Vali Loss: 0.0209

2023-03-04 01:39:47,852 - Vali MSE:70.6346, MAE:489.9121, SSIM:0.8577, PSNR:34.3237
2023-03-04 01:39:47,858 - Epoch: 172 | Train Loss: 0.1092 Vali Loss: 0.0216

2023-03-04 01:40:27,100 - Vali MSE:72.0786, MAE:501.0998, SSIM:0.8519, PSNR:34.0794
2023-03-04 01:40:27,100 - Epoch: 173 | Train Loss: 0.1091 Vali Loss: 0.0220

2023-03-04 01:41:06,479 - Vali MSE:70.2846, MAE:492.0461, SSIM:0.8590, PSNR:34.3463
2023-03-04 01:41:06,484 - Epoch: 174 | Train Loss: 0.1093 Vali Loss: 0.0214

2023-03-04 01:41:45,746 - Vali MSE:71.5001, MAE:492.2379, SSIM:0.8579, PSNR:34.3398
2023-03-04 01:41:45,751 - Epoch: 175 | Train Loss: 0.1092 Vali Loss: 0.0218

2023-03-04 01:42:25,006 - Vali MSE:71.8951, MAE:507.6320, SSIM:0.8484, PSNR:33.9777
2023-03-04 01:42:25,007 - Epoch: 176 | Train Loss: 0.1094 Vali Loss: 0.0219

2023-03-04 01:43:04,238 - Vali MSE:71.7134, MAE:493.4722, SSIM:0.8533, PSNR:34.1286
2023-03-04 01:43:04,243 - Epoch: 177 | Train Loss: 0.1091 Vali Loss: 0.0219

2023-03-04 01:43:43,497 - Vali MSE:70.5393, MAE:487.5088, SSIM:0.8611, PSNR:34.4657
2023-03-04 01:43:43,503 - Epoch: 178 | Train Loss: 0.1086 Vali Loss: 0.0215

2023-03-04 01:44:22,692 - Vali MSE:71.3519, MAE:497.2066, SSIM:0.8553, PSNR:34.2222
2023-03-04 01:44:22,697 - Epoch: 179 | Train Loss: 0.1085 Vali Loss: 0.0218

2023-03-04 01:45:01,869 - Vali MSE:69.9813, MAE:484.7437, SSIM:0.8575, PSNR:34.3062
2023-03-04 01:45:01,874 - Epoch: 180 | Train Loss: 0.1084 Vali Loss: 0.0214

2023-03-04 01:45:41,134 - Vali MSE:71.6298, MAE:503.8029, SSIM:0.8631, PSNR:34.7154
2023-03-04 01:45:41,139 - Epoch: 181 | Train Loss: 0.1087 Vali Loss: 0.0219

2023-03-04 01:46:20,345 - Vali MSE:69.1550, MAE:480.9456, SSIM:0.8617, PSNR:34.4224
2023-03-04 01:46:20,351 - Epoch: 182 | Train Loss: 0.1086 Vali Loss: 0.0211

2023-03-04 01:46:59,584 - Vali MSE:72.2388, MAE:506.8047, SSIM:0.8459, PSNR:33.8064
2023-03-04 01:46:59,588 - Epoch: 183 | Train Loss: 0.1083 Vali Loss: 0.0220

2023-03-04 01:47:38,915 - Vali MSE:69.7829, MAE:485.7142, SSIM:0.8576, PSNR:34.2137
2023-03-04 01:47:38,915 - Epoch: 184 | Train Loss: 0.1082 Vali Loss: 0.0213

2023-03-04 01:48:18,231 - Vali MSE:71.0523, MAE:488.4250, SSIM:0.8592, PSNR:34.3828
2023-03-04 01:48:18,236 - Epoch: 185 | Train Loss: 0.1080 Vali Loss: 0.0217

2023-03-04 01:48:57,465 - Vali MSE:70.7747, MAE:493.4781, SSIM:0.8515, PSNR:34.0392
2023-03-04 01:48:57,470 - Epoch: 186 | Train Loss: 0.1079 Vali Loss: 0.0216

2023-03-04 01:49:36,674 - Vali MSE:71.4511, MAE:489.3403, SSIM:0.8568, PSNR:34.3333
2023-03-04 01:49:36,679 - Epoch: 187 | Train Loss: 0.1079 Vali Loss: 0.0218

2023-03-04 01:50:15,928 - Vali MSE:73.7721, MAE:520.9072, SSIM:0.8494, PSNR:34.0959
2023-03-04 01:50:15,934 - Epoch: 188 | Train Loss: 0.1081 Vali Loss: 0.0225

2023-03-04 01:50:55,121 - Vali MSE:72.2461, MAE:498.4967, SSIM:0.8518, PSNR:34.1249
2023-03-04 01:50:55,126 - Epoch: 189 | Train Loss: 0.1083 Vali Loss: 0.0220

2023-03-04 01:51:34,342 - Vali MSE:72.1461, MAE:495.9037, SSIM:0.8552, PSNR:34.3306
2023-03-04 01:51:34,347 - Epoch: 190 | Train Loss: 0.1083 Vali Loss: 0.0220

2023-03-04 01:52:13,552 - Vali MSE:70.4172, MAE:501.2972, SSIM:0.8504, PSNR:33.9673
2023-03-04 01:52:13,552 - Epoch: 191 | Train Loss: 0.1081 Vali Loss: 0.0215

2023-03-04 01:52:52,741 - Vali MSE:73.1820, MAE:517.4912, SSIM:0.8611, PSNR:34.6670
2023-03-04 01:52:52,741 - Epoch: 192 | Train Loss: 0.1083 Vali Loss: 0.0223

2023-03-04 01:53:31,958 - Vali MSE:68.7436, MAE:478.2504, SSIM:0.8591, PSNR:34.2827
2023-03-04 01:53:31,963 - Epoch: 193 | Train Loss: 0.1081 Vali Loss: 0.0210

2023-03-04 01:54:11,191 - Vali MSE:71.4392, MAE:490.8385, SSIM:0.8587, PSNR:34.4000
2023-03-04 01:54:11,196 - Epoch: 194 | Train Loss: 0.1077 Vali Loss: 0.0218

2023-03-04 01:54:50,388 - Vali MSE:71.0862, MAE:488.0321, SSIM:0.8561, PSNR:34.2791
2023-03-04 01:54:50,389 - Epoch: 195 | Train Loss: 0.1074 Vali Loss: 0.0217

2023-03-04 01:55:29,682 - Vali MSE:72.1385, MAE:499.6438, SSIM:0.8533, PSNR:34.1489
2023-03-04 01:55:29,683 - Epoch: 196 | Train Loss: 0.1073 Vali Loss: 0.0220

2023-03-04 01:56:08,984 - Vali MSE:72.1149, MAE:497.7262, SSIM:0.8553, PSNR:34.2741
2023-03-04 01:56:08,990 - Epoch: 197 | Train Loss: 0.1073 Vali Loss: 0.0220

2023-03-04 01:56:48,223 - Vali MSE:72.4076, MAE:497.1607, SSIM:0.8512, PSNR:34.1367
2023-03-04 01:56:48,228 - Epoch: 198 | Train Loss: 0.1073 Vali Loss: 0.0221

2023-03-04 01:57:27,547 - Vali MSE:70.8613, MAE:489.3747, SSIM:0.8586, PSNR:34.3159
2023-03-04 01:57:27,553 - Epoch: 199 | Train Loss: 0.1072 Vali Loss: 0.0216

2023-03-04 01:58:06,844 - Vali MSE:73.0163, MAE:510.5350, SSIM:0.8486, PSNR:34.1022
2023-03-04 01:58:07,281 - Epoch: 200 | Train Loss: 0.1073 Vali Loss: 0.0223

2023-03-04 01:58:46,640 - Vali MSE:72.6058, MAE:526.3928, SSIM:0.8573, PSNR:34.4308
2023-03-04 01:58:46,646 - Epoch: 201 | Train Loss: 0.1077 Vali Loss: 0.0222

2023-03-04 01:59:25,832 - Vali MSE:73.2647, MAE:511.4756, SSIM:0.8498, PSNR:34.0499
2023-03-04 01:59:25,837 - Epoch: 202 | Train Loss: 0.1077 Vali Loss: 0.0224

2023-03-04 02:00:05,041 - Vali MSE:70.6273, MAE:483.5024, SSIM:0.8599, PSNR:34.5673
2023-03-04 02:00:05,046 - Epoch: 203 | Train Loss: 0.1075 Vali Loss: 0.0216

2023-03-04 02:00:44,229 - Vali MSE:70.7257, MAE:501.0371, SSIM:0.8513, PSNR:34.0067
2023-03-04 02:00:44,229 - Epoch: 204 | Train Loss: 0.1082 Vali Loss: 0.0216

2023-03-04 02:01:23,535 - Vali MSE:75.3503, MAE:554.5842, SSIM:0.8601, PSNR:34.6930
2023-03-04 02:01:23,540 - Epoch: 205 | Train Loss: 0.1078 Vali Loss: 0.0230

2023-03-04 02:02:02,751 - Vali MSE:72.0571, MAE:495.9077, SSIM:0.8548, PSNR:34.2283
2023-03-04 02:02:02,752 - Epoch: 206 | Train Loss: 0.1079 Vali Loss: 0.0220

2023-03-04 02:02:42,057 - Vali MSE:69.6489, MAE:478.2245, SSIM:0.8593, PSNR:34.3812
2023-03-04 02:02:42,061 - Epoch: 207 | Train Loss: 0.1071 Vali Loss: 0.0213

2023-03-04 02:03:21,236 - Vali MSE:71.8469, MAE:501.1540, SSIM:0.8611, PSNR:34.5967
2023-03-04 02:03:21,242 - Epoch: 208 | Train Loss: 0.1069 Vali Loss: 0.0219

2023-03-04 02:04:00,534 - Vali MSE:70.9568, MAE:490.1987, SSIM:0.8625, PSNR:34.6252
2023-03-04 02:04:00,541 - Epoch: 209 | Train Loss: 0.1066 Vali Loss: 0.0217

2023-03-04 02:04:39,795 - Vali MSE:73.0693, MAE:500.1173, SSIM:0.8517, PSNR:34.1626
2023-03-04 02:04:39,796 - Epoch: 210 | Train Loss: 0.1065 Vali Loss: 0.0223

2023-03-04 02:05:19,124 - Vali MSE:71.8031, MAE:494.8088, SSIM:0.8607, PSNR:34.5838
2023-03-04 02:05:19,129 - Epoch: 211 | Train Loss: 0.1064 Vali Loss: 0.0219

2023-03-04 02:05:58,341 - Vali MSE:72.9261, MAE:495.4911, SSIM:0.8543, PSNR:34.2815
2023-03-04 02:05:58,342 - Epoch: 212 | Train Loss: 0.1064 Vali Loss: 0.0223

2023-03-04 02:06:37,591 - Vali MSE:73.0571, MAE:495.3033, SSIM:0.8563, PSNR:34.3572
2023-03-04 02:06:37,597 - Epoch: 213 | Train Loss: 0.1063 Vali Loss: 0.0223

2023-03-04 02:07:16,819 - Vali MSE:73.1592, MAE:504.6135, SSIM:0.8494, PSNR:34.0457
2023-03-04 02:07:16,824 - Epoch: 214 | Train Loss: 0.1066 Vali Loss: 0.0223

2023-03-04 02:07:56,119 - Vali MSE:71.8584, MAE:495.7228, SSIM:0.8555, PSNR:34.3115
2023-03-04 02:07:56,120 - Epoch: 215 | Train Loss: 0.1068 Vali Loss: 0.0219

2023-03-04 02:08:35,485 - Vali MSE:72.4079, MAE:491.6214, SSIM:0.8549, PSNR:34.3022
2023-03-04 02:08:35,490 - Epoch: 216 | Train Loss: 0.1065 Vali Loss: 0.0221

2023-03-04 02:09:14,733 - Vali MSE:72.8812, MAE:500.6554, SSIM:0.8553, PSNR:34.3240
2023-03-04 02:09:14,738 - Epoch: 217 | Train Loss: 0.1063 Vali Loss: 0.0222

2023-03-04 02:09:54,046 - Vali MSE:72.2917, MAE:497.4548, SSIM:0.8577, PSNR:34.5333
2023-03-04 02:09:54,047 - Epoch: 218 | Train Loss: 0.1062 Vali Loss: 0.0221

2023-03-04 02:10:33,347 - Vali MSE:71.5024, MAE:496.5291, SSIM:0.8591, PSNR:34.5042
2023-03-04 02:10:33,348 - Epoch: 219 | Train Loss: 0.1063 Vali Loss: 0.0218

2023-03-04 02:11:12,614 - Vali MSE:71.4116, MAE:483.3605, SSIM:0.8605, PSNR:34.5688
2023-03-04 02:11:12,619 - Epoch: 220 | Train Loss: 0.1063 Vali Loss: 0.0218

2023-03-04 02:11:51,873 - Vali MSE:71.8486, MAE:498.9526, SSIM:0.8595, PSNR:34.5759
2023-03-04 02:11:51,879 - Epoch: 221 | Train Loss: 0.1062 Vali Loss: 0.0219

2023-03-04 02:12:31,106 - Vali MSE:73.1488, MAE:499.8720, SSIM:0.8504, PSNR:34.0894
2023-03-04 02:12:31,111 - Epoch: 222 | Train Loss: 0.1062 Vali Loss: 0.0223

2023-03-04 02:13:10,451 - Vali MSE:73.2479, MAE:502.6157, SSIM:0.8533, PSNR:34.1751
2023-03-04 02:13:10,455 - Epoch: 223 | Train Loss: 0.1062 Vali Loss: 0.0224

2023-03-04 02:13:49,731 - Vali MSE:74.4859, MAE:507.4640, SSIM:0.8515, PSNR:34.2659
2023-03-04 02:13:49,737 - Epoch: 224 | Train Loss: 0.1064 Vali Loss: 0.0227

2023-03-04 02:14:29,106 - Vali MSE:72.0727, MAE:494.7862, SSIM:0.8565, PSNR:34.4087
2023-03-04 02:14:29,111 - Epoch: 225 | Train Loss: 0.1064 Vali Loss: 0.0220

2023-03-04 02:15:08,355 - Vali MSE:72.6799, MAE:494.1838, SSIM:0.8544, PSNR:34.3704
2023-03-04 02:15:08,360 - Epoch: 226 | Train Loss: 0.1061 Vali Loss: 0.0222

2023-03-04 02:15:47,594 - Vali MSE:74.4942, MAE:514.1095, SSIM:0.8414, PSNR:33.8538
2023-03-04 02:15:47,594 - Epoch: 227 | Train Loss: 0.1060 Vali Loss: 0.0227

2023-03-04 02:16:26,856 - Vali MSE:74.5051, MAE:512.5306, SSIM:0.8556, PSNR:34.5273
2023-03-04 02:16:26,862 - Epoch: 228 | Train Loss: 0.1065 Vali Loss: 0.0227

2023-03-04 02:17:06,060 - Vali MSE:71.6303, MAE:488.1908, SSIM:0.8592, PSNR:34.4295
2023-03-04 02:17:06,065 - Epoch: 229 | Train Loss: 0.1064 Vali Loss: 0.0219

2023-03-04 02:17:45,244 - Vali MSE:71.5079, MAE:484.5315, SSIM:0.8571, PSNR:34.4133
2023-03-04 02:17:45,250 - Epoch: 230 | Train Loss: 0.1059 Vali Loss: 0.0218

2023-03-04 02:18:24,424 - Vali MSE:72.4446, MAE:489.7991, SSIM:0.8550, PSNR:34.3196
2023-03-04 02:18:24,429 - Epoch: 231 | Train Loss: 0.1057 Vali Loss: 0.0221

2023-03-04 02:19:03,648 - Vali MSE:73.3515, MAE:496.9339, SSIM:0.8530, PSNR:34.2243
2023-03-04 02:19:03,654 - Epoch: 232 | Train Loss: 0.1054 Vali Loss: 0.0224

2023-03-04 02:19:42,925 - Vali MSE:72.3940, MAE:490.2147, SSIM:0.8598, PSNR:34.5549
2023-03-04 02:19:42,930 - Epoch: 233 | Train Loss: 0.1052 Vali Loss: 0.0221

2023-03-04 02:20:22,060 - Vali MSE:71.9931, MAE:491.2526, SSIM:0.8576, PSNR:34.4214
2023-03-04 02:20:22,066 - Epoch: 234 | Train Loss: 0.1052 Vali Loss: 0.0220

2023-03-04 02:21:01,224 - Vali MSE:75.2301, MAE:513.5709, SSIM:0.8463, PSNR:34.0456
2023-03-04 02:21:01,230 - Epoch: 235 | Train Loss: 0.1052 Vali Loss: 0.0230

2023-03-04 02:21:40,465 - Vali MSE:75.7957, MAE:530.3411, SSIM:0.8423, PSNR:33.8252
2023-03-04 02:21:40,471 - Epoch: 236 | Train Loss: 0.1058 Vali Loss: 0.0231

2023-03-04 02:22:19,719 - Vali MSE:72.2437, MAE:500.6398, SSIM:0.8495, PSNR:34.0727
2023-03-04 02:22:19,725 - Epoch: 237 | Train Loss: 0.1057 Vali Loss: 0.0220

2023-03-04 02:22:58,970 - Vali MSE:74.1426, MAE:504.3745, SSIM:0.8502, PSNR:34.1668
2023-03-04 02:22:58,975 - Epoch: 238 | Train Loss: 0.1056 Vali Loss: 0.0226

2023-03-04 02:23:38,235 - Vali MSE:74.7945, MAE:531.4328, SSIM:0.8379, PSNR:33.6655
2023-03-04 02:23:38,239 - Epoch: 239 | Train Loss: 0.1055 Vali Loss: 0.0228

2023-03-04 02:24:17,754 - Vali MSE:73.7646, MAE:508.0806, SSIM:0.8554, PSNR:34.3381
2023-03-04 02:24:17,759 - Epoch: 240 | Train Loss: 0.1058 Vali Loss: 0.0225

2023-03-04 02:24:57,023 - Vali MSE:72.5628, MAE:498.7922, SSIM:0.8511, PSNR:34.1840
2023-03-04 02:24:57,030 - Epoch: 241 | Train Loss: 0.1059 Vali Loss: 0.0221

2023-03-04 02:25:36,302 - Vali MSE:73.0367, MAE:513.2648, SSIM:0.8464, PSNR:33.9491
2023-03-04 02:25:36,307 - Epoch: 242 | Train Loss: 0.1059 Vali Loss: 0.0223

2023-03-04 02:26:15,551 - Vali MSE:72.7066, MAE:498.1320, SSIM:0.8596, PSNR:34.7126
2023-03-04 02:26:15,556 - Epoch: 243 | Train Loss: 0.1058 Vali Loss: 0.0222

2023-03-04 02:26:54,726 - Vali MSE:73.2734, MAE:515.5028, SSIM:0.8458, PSNR:33.9802
2023-03-04 02:26:54,730 - Epoch: 244 | Train Loss: 0.1059 Vali Loss: 0.0224

2023-03-04 02:27:33,925 - Vali MSE:71.8745, MAE:496.0651, SSIM:0.8594, PSNR:34.5571
2023-03-04 02:27:33,926 - Epoch: 245 | Train Loss: 0.1056 Vali Loss: 0.0219

2023-03-04 02:28:13,194 - Vali MSE:71.7043, MAE:491.8238, SSIM:0.8620, PSNR:34.6896
2023-03-04 02:28:13,199 - Epoch: 246 | Train Loss: 0.1052 Vali Loss: 0.0219

2023-03-04 02:28:52,409 - Vali MSE:73.0114, MAE:496.9022, SSIM:0.8507, PSNR:34.2595
2023-03-04 02:28:52,414 - Epoch: 247 | Train Loss: 0.1053 Vali Loss: 0.0223

2023-03-04 02:29:31,585 - Vali MSE:73.0450, MAE:524.6454, SSIM:0.8410, PSNR:33.6538
2023-03-04 02:29:31,586 - Epoch: 248 | Train Loss: 0.1067 Vali Loss: 0.0223

2023-03-04 02:30:10,832 - Vali MSE:71.6223, MAE:492.1380, SSIM:0.8589, PSNR:34.5288
2023-03-04 02:30:10,832 - Epoch: 249 | Train Loss: 0.1061 Vali Loss: 0.0219

2023-03-04 02:30:50,145 - Vali MSE:71.8648, MAE:488.1216, SSIM:0.8597, PSNR:34.5293
2023-03-04 02:30:50,150 - Epoch: 250 | Train Loss: 0.1054 Vali Loss: 0.0219

2023-03-04 02:31:29,353 - Vali MSE:71.9464, MAE:491.9453, SSIM:0.8587, PSNR:34.4765
2023-03-04 02:31:29,359 - Epoch: 251 | Train Loss: 0.1050 Vali Loss: 0.0220

2023-03-04 02:32:08,557 - Vali MSE:71.9812, MAE:486.4686, SSIM:0.8605, PSNR:34.6575
2023-03-04 02:32:08,557 - Epoch: 252 | Train Loss: 0.1048 Vali Loss: 0.0220

2023-03-04 02:32:47,856 - Vali MSE:73.0145, MAE:491.8331, SSIM:0.8543, PSNR:34.3130
2023-03-04 02:32:47,862 - Epoch: 253 | Train Loss: 0.1046 Vali Loss: 0.0223

2023-03-04 02:33:27,190 - Vali MSE:72.3231, MAE:487.9478, SSIM:0.8567, PSNR:34.4043
2023-03-04 02:33:27,191 - Epoch: 254 | Train Loss: 0.1045 Vali Loss: 0.0221

2023-03-04 02:34:06,451 - Vali MSE:72.2243, MAE:489.7423, SSIM:0.8609, PSNR:34.6863
2023-03-04 02:34:06,457 - Epoch: 255 | Train Loss: 0.1044 Vali Loss: 0.0220

2023-03-04 02:34:45,613 - Vali MSE:73.4115, MAE:497.5287, SSIM:0.8584, PSNR:34.6443
2023-03-04 02:34:45,618 - Epoch: 256 | Train Loss: 0.1045 Vali Loss: 0.0224

2023-03-04 02:35:24,868 - Vali MSE:72.7512, MAE:496.3548, SSIM:0.8583, PSNR:34.5302
2023-03-04 02:35:24,869 - Epoch: 257 | Train Loss: 0.1049 Vali Loss: 0.0222

2023-03-04 02:36:04,080 - Vali MSE:72.9150, MAE:494.4916, SSIM:0.8493, PSNR:34.1212
2023-03-04 02:36:04,085 - Epoch: 258 | Train Loss: 0.1052 Vali Loss: 0.0223

2023-03-04 02:36:43,296 - Vali MSE:72.2446, MAE:489.8500, SSIM:0.8563, PSNR:34.3620
2023-03-04 02:36:43,301 - Epoch: 259 | Train Loss: 0.1050 Vali Loss: 0.0220

2023-03-04 02:37:22,564 - Vali MSE:73.1920, MAE:515.4925, SSIM:0.8558, PSNR:34.6599
2023-03-04 02:37:22,569 - Epoch: 260 | Train Loss: 0.1072 Vali Loss: 0.0223

2023-03-04 02:38:01,823 - Vali MSE:72.7701, MAE:520.5472, SSIM:0.8643, PSNR:34.9375
2023-03-04 02:38:01,828 - Epoch: 261 | Train Loss: 0.1068 Vali Loss: 0.0222

2023-03-04 02:38:41,061 - Vali MSE:70.0671, MAE:486.4041, SSIM:0.8553, PSNR:34.2031
2023-03-04 02:38:41,066 - Epoch: 262 | Train Loss: 0.1056 Vali Loss: 0.0214

2023-03-04 02:39:20,330 - Vali MSE:70.5929, MAE:483.4443, SSIM:0.8635, PSNR:34.7491
2023-03-04 02:39:20,335 - Epoch: 263 | Train Loss: 0.1052 Vali Loss: 0.0215

2023-03-04 02:39:59,529 - Vali MSE:72.4131, MAE:488.7801, SSIM:0.8536, PSNR:34.2567
2023-03-04 02:39:59,534 - Epoch: 264 | Train Loss: 0.1048 Vali Loss: 0.0221

2023-03-04 02:40:38,754 - Vali MSE:71.1129, MAE:476.8851, SSIM:0.8590, PSNR:34.4995
2023-03-04 02:40:38,755 - Epoch: 265 | Train Loss: 0.1045 Vali Loss: 0.0217

2023-03-04 02:41:18,031 - Vali MSE:71.5407, MAE:480.4919, SSIM:0.8585, PSNR:34.5314
2023-03-04 02:41:18,032 - Epoch: 266 | Train Loss: 0.1042 Vali Loss: 0.0218

2023-03-04 02:41:57,259 - Vali MSE:73.1817, MAE:499.7275, SSIM:0.8540, PSNR:34.3242
2023-03-04 02:41:57,264 - Epoch: 267 | Train Loss: 0.1046 Vali Loss: 0.0223

2023-03-04 02:42:36,519 - Vali MSE:71.9547, MAE:487.9780, SSIM:0.8567, PSNR:34.4554
2023-03-04 02:42:36,523 - Epoch: 268 | Train Loss: 0.1044 Vali Loss: 0.0220

2023-03-04 02:43:15,705 - Vali MSE:73.2524, MAE:496.3376, SSIM:0.8531, PSNR:34.3634
2023-03-04 02:43:15,706 - Epoch: 269 | Train Loss: 0.1043 Vali Loss: 0.0224

2023-03-04 02:43:55,030 - Vali MSE:71.6094, MAE:493.2953, SSIM:0.8536, PSNR:34.2445
2023-03-04 02:43:55,031 - Epoch: 270 | Train Loss: 0.1042 Vali Loss: 0.0219

2023-03-04 02:44:34,276 - Vali MSE:72.1695, MAE:491.7682, SSIM:0.8536, PSNR:34.2450
2023-03-04 02:44:34,281 - Epoch: 271 | Train Loss: 0.1041 Vali Loss: 0.0220

2023-03-04 02:45:13,425 - Vali MSE:73.6494, MAE:489.7203, SSIM:0.8521, PSNR:34.2909
2023-03-04 02:45:13,430 - Epoch: 272 | Train Loss: 0.1039 Vali Loss: 0.0225

2023-03-04 02:45:52,598 - Vali MSE:71.9807, MAE:502.7442, SSIM:0.8557, PSNR:34.3253
2023-03-04 02:45:52,599 - Epoch: 273 | Train Loss: 0.1040 Vali Loss: 0.0220

2023-03-04 02:46:31,822 - Vali MSE:76.5409, MAE:519.8470, SSIM:0.8391, PSNR:33.8665
2023-03-04 02:46:31,827 - Epoch: 274 | Train Loss: 0.1041 Vali Loss: 0.0234

2023-03-04 02:47:11,013 - Vali MSE:72.4153, MAE:494.2081, SSIM:0.8545, PSNR:34.2805
2023-03-04 02:47:11,018 - Epoch: 275 | Train Loss: 0.1044 Vali Loss: 0.0221

2023-03-04 02:47:50,220 - Vali MSE:74.8595, MAE:510.5888, SSIM:0.8476, PSNR:34.1331
2023-03-04 02:47:50,225 - Epoch: 276 | Train Loss: 0.1044 Vali Loss: 0.0228

2023-03-04 02:48:29,457 - Vali MSE:73.0707, MAE:492.2823, SSIM:0.8567, PSNR:34.4408
2023-03-04 02:48:29,462 - Epoch: 277 | Train Loss: 0.1045 Vali Loss: 0.0223

2023-03-04 02:49:08,683 - Vali MSE:73.3212, MAE:499.6667, SSIM:0.8558, PSNR:34.4165
2023-03-04 02:49:08,688 - Epoch: 278 | Train Loss: 0.1043 Vali Loss: 0.0224

2023-03-04 02:49:47,900 - Vali MSE:73.8401, MAE:528.1046, SSIM:0.8422, PSNR:33.6712
2023-03-04 02:49:47,906 - Epoch: 279 | Train Loss: 0.1045 Vali Loss: 0.0225

2023-03-04 02:50:27,137 - Vali MSE:73.1377, MAE:495.4081, SSIM:0.8517, PSNR:34.3249
2023-03-04 02:50:27,143 - Epoch: 280 | Train Loss: 0.1048 Vali Loss: 0.0223

2023-03-04 02:51:06,356 - Vali MSE:72.1145, MAE:485.6368, SSIM:0.8567, PSNR:34.4070
2023-03-04 02:51:06,361 - Epoch: 281 | Train Loss: 0.1042 Vali Loss: 0.0220

2023-03-04 02:51:45,595 - Vali MSE:72.1462, MAE:485.2022, SSIM:0.8557, PSNR:34.3371
2023-03-04 02:51:45,600 - Epoch: 282 | Train Loss: 0.1039 Vali Loss: 0.0220

2023-03-04 02:52:24,859 - Vali MSE:72.0066, MAE:486.8831, SSIM:0.8587, PSNR:34.5221
2023-03-04 02:52:24,864 - Epoch: 283 | Train Loss: 0.1037 Vali Loss: 0.0220

2023-03-04 02:53:04,066 - Vali MSE:70.8365, MAE:478.6845, SSIM:0.8574, PSNR:34.4042
2023-03-04 02:53:04,072 - Epoch: 284 | Train Loss: 0.1037 Vali Loss: 0.0216

2023-03-04 02:53:43,260 - Vali MSE:72.0735, MAE:483.7841, SSIM:0.8538, PSNR:34.3038
2023-03-04 02:53:43,266 - Epoch: 285 | Train Loss: 0.1038 Vali Loss: 0.0220

2023-03-04 02:54:22,528 - Vali MSE:72.0990, MAE:488.8405, SSIM:0.8597, PSNR:34.5757
2023-03-04 02:54:22,533 - Epoch: 286 | Train Loss: 0.1039 Vali Loss: 0.0220

2023-03-04 02:55:01,763 - Vali MSE:71.2587, MAE:477.9848, SSIM:0.8613, PSNR:34.6946
2023-03-04 02:55:01,768 - Epoch: 287 | Train Loss: 0.1040 Vali Loss: 0.0217

2023-03-04 02:55:40,984 - Vali MSE:73.9051, MAE:498.9012, SSIM:0.8528, PSNR:34.3184
2023-03-04 02:55:40,990 - Epoch: 288 | Train Loss: 0.1038 Vali Loss: 0.0226

2023-03-04 02:56:20,149 - Vali MSE:72.7417, MAE:488.3090, SSIM:0.8549, PSNR:34.3577
2023-03-04 02:56:20,155 - Epoch: 289 | Train Loss: 0.1037 Vali Loss: 0.0222

2023-03-04 02:56:59,378 - Vali MSE:71.8961, MAE:485.2410, SSIM:0.8570, PSNR:34.4632
2023-03-04 02:56:59,384 - Epoch: 290 | Train Loss: 0.1035 Vali Loss: 0.0219

2023-03-04 02:57:38,666 - Vali MSE:72.1148, MAE:484.6661, SSIM:0.8575, PSNR:34.5095
2023-03-04 02:57:38,672 - Epoch: 291 | Train Loss: 0.1034 Vali Loss: 0.0220

2023-03-04 02:58:17,944 - Vali MSE:72.6543, MAE:486.7589, SSIM:0.8594, PSNR:34.5941
2023-03-04 02:58:17,944 - Epoch: 292 | Train Loss: 0.1032 Vali Loss: 0.0222

2023-03-04 02:58:57,268 - Vali MSE:72.2077, MAE:481.1489, SSIM:0.8586, PSNR:34.5199
2023-03-04 02:58:57,269 - Epoch: 293 | Train Loss: 0.1032 Vali Loss: 0.0220

2023-03-04 02:59:36,591 - Vali MSE:72.1618, MAE:479.7476, SSIM:0.8583, PSNR:34.4987
2023-03-04 02:59:36,591 - Epoch: 294 | Train Loss: 0.1032 Vali Loss: 0.0220

2023-03-04 03:00:15,857 - Vali MSE:73.8936, MAE:494.8557, SSIM:0.8497, PSNR:34.2214
2023-03-04 03:00:15,862 - Epoch: 295 | Train Loss: 0.1032 Vali Loss: 0.0226

2023-03-04 03:00:55,080 - Vali MSE:73.4184, MAE:488.4837, SSIM:0.8545, PSNR:34.3899
2023-03-04 03:00:55,085 - Epoch: 296 | Train Loss: 0.1032 Vali Loss: 0.0224

2023-03-04 03:01:34,271 - Vali MSE:74.2942, MAE:499.2160, SSIM:0.8512, PSNR:34.2762
2023-03-04 03:01:34,271 - Epoch: 297 | Train Loss: 0.1033 Vali Loss: 0.0227

2023-03-04 03:02:13,597 - Vali MSE:72.5122, MAE:486.0820, SSIM:0.8601, PSNR:34.6994
2023-03-04 03:02:13,598 - Epoch: 298 | Train Loss: 0.1033 Vali Loss: 0.0221

2023-03-04 03:02:52,943 - Vali MSE:75.1128, MAE:501.1312, SSIM:0.8484, PSNR:34.2105
2023-03-04 03:02:52,949 - Epoch: 299 | Train Loss: 0.1033 Vali Loss: 0.0229

2023-03-04 03:03:32,093 - Vali MSE:73.9736, MAE:518.4176, SSIM:0.8467, PSNR:33.9654
2023-03-04 03:03:32,098 - Epoch: 300 | Train Loss: 0.1043 Vali Loss: 0.0226

2023-03-04 03:04:11,311 - Vali MSE:72.8040, MAE:490.7006, SSIM:0.8530, PSNR:34.2807
2023-03-04 03:04:11,311 - Epoch: 301 | Train Loss: 0.1040 Vali Loss: 0.0222

2023-03-04 03:04:50,591 - Vali MSE:72.4170, MAE:487.6577, SSIM:0.8558, PSNR:34.3786
2023-03-04 03:04:50,597 - Epoch: 302 | Train Loss: 0.1039 Vali Loss: 0.0221

2023-03-04 03:05:29,795 - Vali MSE:72.3558, MAE:483.8207, SSIM:0.8544, PSNR:34.3664
2023-03-04 03:05:29,800 - Epoch: 303 | Train Loss: 0.1035 Vali Loss: 0.0221

2023-03-04 03:06:09,004 - Vali MSE:71.5998, MAE:481.7648, SSIM:0.8541, PSNR:34.3252
2023-03-04 03:06:09,005 - Epoch: 304 | Train Loss: 0.1033 Vali Loss: 0.0219

2023-03-04 03:06:48,273 - Vali MSE:72.1504, MAE:482.6078, SSIM:0.8557, PSNR:34.4036
2023-03-04 03:06:48,279 - Epoch: 305 | Train Loss: 0.1031 Vali Loss: 0.0220

2023-03-04 03:07:27,487 - Vali MSE:73.1939, MAE:490.9985, SSIM:0.8568, PSNR:34.5037
2023-03-04 03:07:27,492 - Epoch: 306 | Train Loss: 0.1032 Vali Loss: 0.0223

2023-03-04 03:08:06,664 - Vali MSE:72.4706, MAE:493.4454, SSIM:0.8592, PSNR:34.5521
2023-03-04 03:08:06,664 - Epoch: 307 | Train Loss: 0.1033 Vali Loss: 0.0221

2023-03-04 03:08:45,913 - Vali MSE:73.5378, MAE:490.6690, SSIM:0.8524, PSNR:34.2949
2023-03-04 03:08:45,919 - Epoch: 308 | Train Loss: 0.1033 Vali Loss: 0.0224

2023-03-04 03:09:25,069 - Vali MSE:72.3718, MAE:488.6944, SSIM:0.8549, PSNR:34.3801
2023-03-04 03:09:25,075 - Epoch: 309 | Train Loss: 0.1033 Vali Loss: 0.0221

2023-03-04 03:10:04,241 - Vali MSE:73.0360, MAE:495.0067, SSIM:0.8561, PSNR:34.5058
2023-03-04 03:10:04,246 - Epoch: 310 | Train Loss: 0.1033 Vali Loss: 0.0223

2023-03-04 03:10:43,444 - Vali MSE:72.2576, MAE:483.4361, SSIM:0.8574, PSNR:34.5694
2023-03-04 03:10:43,450 - Epoch: 311 | Train Loss: 0.1037 Vali Loss: 0.0221

2023-03-04 03:11:22,647 - Vali MSE:71.9779, MAE:480.5538, SSIM:0.8560, PSNR:34.3980
2023-03-04 03:11:22,647 - Epoch: 312 | Train Loss: 0.1036 Vali Loss: 0.0220

2023-03-04 03:12:01,892 - Vali MSE:71.8196, MAE:479.6639, SSIM:0.8606, PSNR:34.6786
2023-03-04 03:12:01,897 - Epoch: 313 | Train Loss: 0.1032 Vali Loss: 0.0219

2023-03-04 03:12:41,041 - Vali MSE:71.5008, MAE:472.9225, SSIM:0.8586, PSNR:34.5472
2023-03-04 03:12:41,042 - Epoch: 314 | Train Loss: 0.1030 Vali Loss: 0.0218

2023-03-04 03:13:20,263 - Vali MSE:72.3996, MAE:483.8232, SSIM:0.8564, PSNR:34.4717
2023-03-04 03:13:20,268 - Epoch: 315 | Train Loss: 0.1028 Vali Loss: 0.0221

2023-03-04 03:13:59,520 - Vali MSE:72.3585, MAE:479.6092, SSIM:0.8566, PSNR:34.4705
2023-03-04 03:13:59,521 - Epoch: 316 | Train Loss: 0.1028 Vali Loss: 0.0221

2023-03-04 03:14:38,760 - Vali MSE:71.7174, MAE:478.8529, SSIM:0.8589, PSNR:34.5433
2023-03-04 03:14:38,766 - Epoch: 317 | Train Loss: 0.1028 Vali Loss: 0.0219

2023-03-04 03:15:18,025 - Vali MSE:71.9320, MAE:481.1914, SSIM:0.8560, PSNR:34.3818
2023-03-04 03:15:18,031 - Epoch: 318 | Train Loss: 0.1027 Vali Loss: 0.0220

2023-03-04 03:15:57,248 - Vali MSE:73.2203, MAE:494.7167, SSIM:0.8543, PSNR:34.3616
2023-03-04 03:15:57,253 - Epoch: 319 | Train Loss: 0.1031 Vali Loss: 0.0223

2023-03-04 03:16:36,417 - Vali MSE:72.8444, MAE:496.3563, SSIM:0.8571, PSNR:34.5042
2023-03-04 03:16:36,422 - Epoch: 320 | Train Loss: 0.1028 Vali Loss: 0.0222

2023-03-04 03:17:15,630 - Vali MSE:72.5174, MAE:481.4246, SSIM:0.8550, PSNR:34.3950
2023-03-04 03:17:15,630 - Epoch: 321 | Train Loss: 0.1028 Vali Loss: 0.0221

2023-03-04 03:17:54,983 - Vali MSE:71.9728, MAE:480.1196, SSIM:0.8586, PSNR:34.5296
2023-03-04 03:17:54,988 - Epoch: 322 | Train Loss: 0.1026 Vali Loss: 0.0220

2023-03-04 03:18:34,159 - Vali MSE:72.4140, MAE:483.7004, SSIM:0.8607, PSNR:34.7176
2023-03-04 03:18:34,164 - Epoch: 323 | Train Loss: 0.1025 Vali Loss: 0.0221

2023-03-04 03:19:13,367 - Vali MSE:73.0885, MAE:489.0455, SSIM:0.8566, PSNR:34.5221
2023-03-04 03:19:13,368 - Epoch: 324 | Train Loss: 0.1025 Vali Loss: 0.0223

2023-03-04 03:19:52,684 - Vali MSE:72.0391, MAE:481.5901, SSIM:0.8573, PSNR:34.5112
2023-03-04 03:19:52,689 - Epoch: 325 | Train Loss: 0.1026 Vali Loss: 0.0220

2023-03-04 03:20:31,881 - Vali MSE:73.2507, MAE:486.8094, SSIM:0.8539, PSNR:34.3437
2023-03-04 03:20:31,882 - Epoch: 326 | Train Loss: 0.1026 Vali Loss: 0.0224

2023-03-04 03:21:11,096 - Vali MSE:73.2583, MAE:511.1273, SSIM:0.8584, PSNR:34.6211
2023-03-04 03:21:11,101 - Epoch: 327 | Train Loss: 0.1028 Vali Loss: 0.0224

2023-03-04 03:21:50,303 - Vali MSE:72.1107, MAE:475.2222, SSIM:0.8578, PSNR:34.5797
2023-03-04 03:21:50,308 - Epoch: 328 | Train Loss: 0.1030 Vali Loss: 0.0220

2023-03-04 03:22:29,584 - Vali MSE:72.5526, MAE:493.9528, SSIM:0.8577, PSNR:34.5713
2023-03-04 03:22:29,590 - Epoch: 329 | Train Loss: 0.1040 Vali Loss: 0.0221

2023-03-04 03:23:08,936 - Vali MSE:72.9677, MAE:496.1933, SSIM:0.8487, PSNR:34.1383
2023-03-04 03:23:08,941 - Epoch: 330 | Train Loss: 0.1035 Vali Loss: 0.0223

2023-03-04 03:23:48,124 - Vali MSE:72.3871, MAE:480.7181, SSIM:0.8595, PSNR:34.6947
2023-03-04 03:23:48,124 - Epoch: 331 | Train Loss: 0.1031 Vali Loss: 0.0221

2023-03-04 03:24:27,515 - Vali MSE:71.9222, MAE:480.7904, SSIM:0.8595, PSNR:34.5521
2023-03-04 03:24:27,520 - Epoch: 332 | Train Loss: 0.1029 Vali Loss: 0.0219

2023-03-04 03:25:06,634 - Vali MSE:72.0272, MAE:482.9747, SSIM:0.8587, PSNR:34.5988
2023-03-04 03:25:06,640 - Epoch: 333 | Train Loss: 0.1026 Vali Loss: 0.0220

2023-03-04 03:25:45,826 - Vali MSE:71.4982, MAE:471.3479, SSIM:0.8602, PSNR:34.6377
2023-03-04 03:25:45,832 - Epoch: 334 | Train Loss: 0.1024 Vali Loss: 0.0218

2023-03-04 03:26:25,026 - Vali MSE:71.7608, MAE:476.8994, SSIM:0.8594, PSNR:34.6326
2023-03-04 03:26:25,027 - Epoch: 335 | Train Loss: 0.1023 Vali Loss: 0.0219

2023-03-04 03:27:04,235 - Vali MSE:73.9913, MAE:487.4469, SSIM:0.8512, PSNR:34.2941
2023-03-04 03:27:04,240 - Epoch: 336 | Train Loss: 0.1024 Vali Loss: 0.0226

2023-03-04 03:27:43,564 - Vali MSE:72.9694, MAE:482.7147, SSIM:0.8592, PSNR:34.6347
2023-03-04 03:27:43,569 - Epoch: 337 | Train Loss: 0.1023 Vali Loss: 0.0223

2023-03-04 03:28:22,765 - Vali MSE:72.1241, MAE:478.3325, SSIM:0.8573, PSNR:34.5485
2023-03-04 03:28:22,770 - Epoch: 338 | Train Loss: 0.1024 Vali Loss: 0.0220

2023-03-04 03:29:02,013 - Vali MSE:72.0236, MAE:480.9844, SSIM:0.8613, PSNR:34.6755
2023-03-04 03:29:02,018 - Epoch: 339 | Train Loss: 0.1024 Vali Loss: 0.0220

2023-03-04 03:29:41,259 - Vali MSE:72.2949, MAE:492.0432, SSIM:0.8636, PSNR:34.9523
2023-03-04 03:29:41,264 - Epoch: 340 | Train Loss: 0.1024 Vali Loss: 0.0221

2023-03-04 03:30:20,603 - Vali MSE:73.3217, MAE:490.8205, SSIM:0.8519, PSNR:34.2979
2023-03-04 03:30:20,608 - Epoch: 341 | Train Loss: 0.1026 Vali Loss: 0.0224

2023-03-04 03:30:59,807 - Vali MSE:72.3129, MAE:487.8887, SSIM:0.8518, PSNR:34.2490
2023-03-04 03:30:59,812 - Epoch: 342 | Train Loss: 0.1028 Vali Loss: 0.0221

2023-03-04 03:31:39,077 - Vali MSE:71.8391, MAE:481.7515, SSIM:0.8571, PSNR:34.4528
2023-03-04 03:31:39,083 - Epoch: 343 | Train Loss: 0.1027 Vali Loss: 0.0219

2023-03-04 03:32:18,281 - Vali MSE:70.9334, MAE:474.9167, SSIM:0.8575, PSNR:34.4634
2023-03-04 03:32:18,287 - Epoch: 344 | Train Loss: 0.1027 Vali Loss: 0.0216

2023-03-04 03:32:57,536 - Vali MSE:72.7456, MAE:484.2901, SSIM:0.8527, PSNR:34.2658
2023-03-04 03:32:57,542 - Epoch: 345 | Train Loss: 0.1026 Vali Loss: 0.0222

2023-03-04 03:33:36,794 - Vali MSE:72.9987, MAE:484.2217, SSIM:0.8539, PSNR:34.3584
2023-03-04 03:33:36,794 - Epoch: 346 | Train Loss: 0.1025 Vali Loss: 0.0223

2023-03-04 03:34:16,100 - Vali MSE:72.3619, MAE:482.0539, SSIM:0.8544, PSNR:34.3418
2023-03-04 03:34:16,101 - Epoch: 347 | Train Loss: 0.1022 Vali Loss: 0.0221

2023-03-04 03:34:55,438 - Vali MSE:73.8684, MAE:493.5538, SSIM:0.8485, PSNR:34.1904
2023-03-04 03:34:55,443 - Epoch: 348 | Train Loss: 0.1022 Vali Loss: 0.0225

2023-03-04 03:35:34,673 - Vali MSE:71.6412, MAE:481.2467, SSIM:0.8624, PSNR:34.7604
2023-03-04 03:35:34,679 - Epoch: 349 | Train Loss: 0.1023 Vali Loss: 0.0219

2023-03-04 03:36:14,251 - Vali MSE:73.1607, MAE:487.0702, SSIM:0.8545, PSNR:34.4448
2023-03-04 03:36:14,257 - Epoch: 350 | Train Loss: 0.1022 Vali Loss: 0.0223

2023-03-04 03:36:53,762 - Vali MSE:72.4274, MAE:483.9925, SSIM:0.8547, PSNR:34.3503
2023-03-04 03:36:53,762 - Epoch: 351 | Train Loss: 0.1022 Vali Loss: 0.0221

2023-03-04 03:37:32,999 - Vali MSE:70.5968, MAE:469.6723, SSIM:0.8603, PSNR:34.5812
2023-03-04 03:37:33,003 - Epoch: 352 | Train Loss: 0.1024 Vali Loss: 0.0215

2023-03-04 03:38:12,209 - Vali MSE:72.9582, MAE:486.3125, SSIM:0.8549, PSNR:34.4088
2023-03-04 03:38:12,214 - Epoch: 353 | Train Loss: 0.1024 Vali Loss: 0.0223

2023-03-04 03:38:51,448 - Vali MSE:69.6198, MAE:465.8808, SSIM:0.8609, PSNR:34.5388
2023-03-04 03:38:51,448 - Epoch: 354 | Train Loss: 0.1025 Vali Loss: 0.0212

2023-03-04 03:39:30,675 - Vali MSE:73.2803, MAE:486.0180, SSIM:0.8527, PSNR:34.3832
2023-03-04 03:39:30,676 - Epoch: 355 | Train Loss: 0.1025 Vali Loss: 0.0224

2023-03-04 03:40:09,977 - Vali MSE:71.5885, MAE:476.6826, SSIM:0.8578, PSNR:34.4957
2023-03-04 03:40:09,983 - Epoch: 356 | Train Loss: 0.1023 Vali Loss: 0.0218

2023-03-04 03:40:49,236 - Vali MSE:71.8399, MAE:476.3512, SSIM:0.8569, PSNR:34.4518
2023-03-04 03:40:49,241 - Epoch: 357 | Train Loss: 0.1021 Vali Loss: 0.0219

2023-03-04 03:41:28,436 - Vali MSE:71.4348, MAE:481.8449, SSIM:0.8538, PSNR:34.2759
2023-03-04 03:41:28,437 - Epoch: 358 | Train Loss: 0.1021 Vali Loss: 0.0218

2023-03-04 03:42:07,796 - Vali MSE:72.8724, MAE:485.5013, SSIM:0.8533, PSNR:34.3762
2023-03-04 03:42:07,801 - Epoch: 359 | Train Loss: 0.1021 Vali Loss: 0.0222

2023-03-04 03:42:47,042 - Vali MSE:71.8928, MAE:475.5975, SSIM:0.8574, PSNR:34.5141
2023-03-04 03:42:47,047 - Epoch: 360 | Train Loss: 0.1021 Vali Loss: 0.0219

2023-03-04 03:43:26,261 - Vali MSE:71.0202, MAE:471.6956, SSIM:0.8586, PSNR:34.4895
2023-03-04 03:43:26,266 - Epoch: 361 | Train Loss: 0.1023 Vali Loss: 0.0217

2023-03-04 03:44:05,467 - Vali MSE:73.2702, MAE:514.4779, SSIM:0.8614, PSNR:34.9018
2023-03-04 03:44:05,471 - Epoch: 362 | Train Loss: 0.1026 Vali Loss: 0.0224

2023-03-04 03:44:44,711 - Vali MSE:72.7179, MAE:498.3853, SSIM:0.8578, PSNR:34.6676
2023-03-04 03:44:44,712 - Epoch: 363 | Train Loss: 0.1036 Vali Loss: 0.0222

2023-03-04 03:45:24,449 - Vali MSE:70.8737, MAE:466.7328, SSIM:0.8630, PSNR:34.7469
2023-03-04 03:45:24,455 - Epoch: 364 | Train Loss: 0.1030 Vali Loss: 0.0216

2023-03-04 03:46:04,113 - Vali MSE:70.1045, MAE:466.4328, SSIM:0.8625, PSNR:34.6909
2023-03-04 03:46:04,113 - Epoch: 365 | Train Loss: 0.1024 Vali Loss: 0.0214

2023-03-04 03:46:43,805 - Vali MSE:71.6252, MAE:473.3602, SSIM:0.8613, PSNR:34.7097
2023-03-04 03:46:43,810 - Epoch: 366 | Train Loss: 0.1022 Vali Loss: 0.0219

2023-03-04 03:47:23,250 - Vali MSE:70.6844, MAE:469.4750, SSIM:0.8575, PSNR:34.4420
2023-03-04 03:47:23,255 - Epoch: 367 | Train Loss: 0.1019 Vali Loss: 0.0216

2023-03-04 03:48:02,883 - Vali MSE:70.8447, MAE:468.4787, SSIM:0.8581, PSNR:34.5219
2023-03-04 03:48:02,884 - Epoch: 368 | Train Loss: 0.1017 Vali Loss: 0.0216

2023-03-04 03:48:42,606 - Vali MSE:70.7765, MAE:467.6659, SSIM:0.8589, PSNR:34.5835
2023-03-04 03:48:42,607 - Epoch: 369 | Train Loss: 0.1016 Vali Loss: 0.0216

2023-03-04 03:49:22,312 - Vali MSE:71.8877, MAE:477.1865, SSIM:0.8586, PSNR:34.6049
2023-03-04 03:49:22,319 - Epoch: 370 | Train Loss: 0.1017 Vali Loss: 0.0219

2023-03-04 03:50:01,982 - Vali MSE:71.5589, MAE:473.0370, SSIM:0.8577, PSNR:34.5075
2023-03-04 03:50:01,982 - Epoch: 371 | Train Loss: 0.1018 Vali Loss: 0.0218

2023-03-04 03:50:41,734 - Vali MSE:71.4391, MAE:469.2738, SSIM:0.8608, PSNR:34.7069
2023-03-04 03:50:41,735 - Epoch: 372 | Train Loss: 0.1019 Vali Loss: 0.0218

2023-03-04 03:51:21,416 - Vali MSE:71.5195, MAE:478.6187, SSIM:0.8563, PSNR:34.4315
2023-03-04 03:51:21,421 - Epoch: 373 | Train Loss: 0.1020 Vali Loss: 0.0218

2023-03-04 03:52:01,044 - Vali MSE:72.6848, MAE:486.9933, SSIM:0.8505, PSNR:34.2192
2023-03-04 03:52:01,049 - Epoch: 374 | Train Loss: 0.1020 Vali Loss: 0.0222

2023-03-04 03:52:40,663 - Vali MSE:71.1401, MAE:471.3231, SSIM:0.8613, PSNR:34.6944
2023-03-04 03:52:40,669 - Epoch: 375 | Train Loss: 0.1020 Vali Loss: 0.0217

2023-03-04 03:53:20,324 - Vali MSE:71.5848, MAE:484.1011, SSIM:0.8608, PSNR:34.6779
2023-03-04 03:53:20,330 - Epoch: 376 | Train Loss: 0.1019 Vali Loss: 0.0218

2023-03-04 03:53:59,995 - Vali MSE:72.2158, MAE:479.4429, SSIM:0.8545, PSNR:34.4178
2023-03-04 03:53:59,996 - Epoch: 377 | Train Loss: 0.1018 Vali Loss: 0.0220

2023-03-04 03:54:39,707 - Vali MSE:71.2696, MAE:476.1829, SSIM:0.8555, PSNR:34.3895
2023-03-04 03:54:39,712 - Epoch: 378 | Train Loss: 0.1017 Vali Loss: 0.0217

2023-03-04 03:55:19,325 - Vali MSE:70.6888, MAE:469.8241, SSIM:0.8604, PSNR:34.6221
2023-03-04 03:55:19,331 - Epoch: 379 | Train Loss: 0.1016 Vali Loss: 0.0216

2023-03-04 03:55:59,040 - Vali MSE:71.7370, MAE:477.8465, SSIM:0.8603, PSNR:34.6542
2023-03-04 03:55:59,045 - Epoch: 380 | Train Loss: 0.1017 Vali Loss: 0.0219

2023-03-04 03:56:38,670 - Vali MSE:70.7505, MAE:465.1859, SSIM:0.8617, PSNR:34.7434
2023-03-04 03:56:38,676 - Epoch: 381 | Train Loss: 0.1015 Vali Loss: 0.0216

2023-03-04 03:57:18,259 - Vali MSE:70.4453, MAE:467.6024, SSIM:0.8634, PSNR:34.8192
2023-03-04 03:57:18,264 - Epoch: 382 | Train Loss: 0.1016 Vali Loss: 0.0215

2023-03-04 03:57:57,946 - Vali MSE:71.2249, MAE:476.0577, SSIM:0.8634, PSNR:34.8813
2023-03-04 03:57:57,947 - Epoch: 383 | Train Loss: 0.1016 Vali Loss: 0.0217

2023-03-04 03:58:37,608 - Vali MSE:70.8751, MAE:468.4465, SSIM:0.8581, PSNR:34.5535
2023-03-04 03:58:37,608 - Epoch: 384 | Train Loss: 0.1017 Vali Loss: 0.0216

2023-03-04 03:59:17,217 - Vali MSE:70.7828, MAE:467.0835, SSIM:0.8633, PSNR:34.9076
2023-03-04 03:59:17,222 - Epoch: 385 | Train Loss: 0.1016 Vali Loss: 0.0216

2023-03-04 03:59:56,828 - Vali MSE:71.3843, MAE:471.8407, SSIM:0.8624, PSNR:34.8038
2023-03-04 03:59:56,828 - Epoch: 386 | Train Loss: 0.1018 Vali Loss: 0.0218

2023-03-04 04:00:36,512 - Vali MSE:71.3811, MAE:475.5964, SSIM:0.8597, PSNR:34.7726
2023-03-04 04:00:36,518 - Epoch: 387 | Train Loss: 0.1019 Vali Loss: 0.0218

2023-03-04 04:01:16,144 - Vali MSE:73.5501, MAE:493.8904, SSIM:0.8491, PSNR:34.1366
2023-03-04 04:01:16,149 - Epoch: 388 | Train Loss: 0.1021 Vali Loss: 0.0224

2023-03-04 04:01:55,802 - Vali MSE:75.9041, MAE:528.7615, SSIM:0.8289, PSNR:33.5897
2023-03-04 04:01:55,802 - Epoch: 389 | Train Loss: 0.1022 Vali Loss: 0.0232

2023-03-04 04:02:35,460 - Vali MSE:70.8300, MAE:466.1995, SSIM:0.8629, PSNR:34.7724
2023-03-04 04:02:35,465 - Epoch: 390 | Train Loss: 0.1022 Vali Loss: 0.0216

2023-03-04 04:03:15,068 - Vali MSE:71.4067, MAE:469.1074, SSIM:0.8618, PSNR:34.7228
2023-03-04 04:03:15,073 - Epoch: 391 | Train Loss: 0.1019 Vali Loss: 0.0218

2023-03-04 04:03:54,728 - Vali MSE:71.1126, MAE:466.1755, SSIM:0.8610, PSNR:34.6580
2023-03-04 04:03:54,729 - Epoch: 392 | Train Loss: 0.1017 Vali Loss: 0.0217

2023-03-04 04:04:34,162 - Vali MSE:70.2852, MAE:461.7100, SSIM:0.8616, PSNR:34.6458
2023-03-04 04:04:34,167 - Epoch: 393 | Train Loss: 0.1016 Vali Loss: 0.0214

2023-03-04 04:05:13,770 - Vali MSE:70.6825, MAE:465.4091, SSIM:0.8613, PSNR:34.7128
2023-03-04 04:05:13,776 - Epoch: 394 | Train Loss: 0.1016 Vali Loss: 0.0216

2023-03-04 04:05:53,441 - Vali MSE:70.5548, MAE:461.8962, SSIM:0.8606, PSNR:34.6562
2023-03-04 04:05:53,447 - Epoch: 395 | Train Loss: 0.1017 Vali Loss: 0.0215

2023-03-04 04:06:33,088 - Vali MSE:71.3078, MAE:468.4504, SSIM:0.8583, PSNR:34.5574
2023-03-04 04:06:33,094 - Epoch: 396 | Train Loss: 0.1017 Vali Loss: 0.0218

2023-03-04 04:07:12,731 - Vali MSE:70.8249, MAE:475.5417, SSIM:0.8560, PSNR:34.4623
2023-03-04 04:07:12,732 - Epoch: 397 | Train Loss: 0.1018 Vali Loss: 0.0216

2023-03-04 04:07:52,384 - Vali MSE:70.4054, MAE:463.1873, SSIM:0.8627, PSNR:34.7694
2023-03-04 04:07:52,390 - Epoch: 398 | Train Loss: 0.1019 Vali Loss: 0.0215

2023-03-04 04:08:31,963 - Vali MSE:69.9555, MAE:465.0024, SSIM:0.8642, PSNR:34.8250
2023-03-04 04:08:31,968 - Epoch: 399 | Train Loss: 0.1017 Vali Loss: 0.0213

2023-03-04 04:09:11,596 - Vali MSE:70.9879, MAE:465.0038, SSIM:0.8598, PSNR:34.5724
2023-03-04 04:09:12,031 - Epoch: 400 | Train Loss: 0.1016 Vali Loss: 0.0217

2023-03-04 04:09:51,742 - Vali MSE:70.1205, MAE:460.8700, SSIM:0.8628, PSNR:34.7368
2023-03-04 04:09:51,743 - Epoch: 401 | Train Loss: 0.1015 Vali Loss: 0.0214

2023-03-04 04:10:31,464 - Vali MSE:71.5219, MAE:465.6921, SSIM:0.8590, PSNR:34.6084
2023-03-04 04:10:31,465 - Epoch: 402 | Train Loss: 0.1013 Vali Loss: 0.0218

2023-03-04 04:11:11,135 - Vali MSE:70.3741, MAE:458.6854, SSIM:0.8621, PSNR:34.7506
2023-03-04 04:11:11,136 - Epoch: 403 | Train Loss: 0.1013 Vali Loss: 0.0215

2023-03-04 04:11:50,782 - Vali MSE:70.0917, MAE:457.9079, SSIM:0.8608, PSNR:34.6393
2023-03-04 04:11:50,787 - Epoch: 404 | Train Loss: 0.1012 Vali Loss: 0.0214

2023-03-04 04:12:30,385 - Vali MSE:70.7244, MAE:461.5777, SSIM:0.8609, PSNR:34.6742
2023-03-04 04:12:30,390 - Epoch: 405 | Train Loss: 0.1012 Vali Loss: 0.0216

2023-03-04 04:13:10,040 - Vali MSE:70.6287, MAE:461.9402, SSIM:0.8609, PSNR:34.6834
2023-03-04 04:13:10,045 - Epoch: 406 | Train Loss: 0.1012 Vali Loss: 0.0216

2023-03-04 04:13:49,674 - Vali MSE:70.9884, MAE:467.0275, SSIM:0.8590, PSNR:34.5883
2023-03-04 04:13:49,680 - Epoch: 407 | Train Loss: 0.1012 Vali Loss: 0.0217

2023-03-04 04:14:29,348 - Vali MSE:70.3080, MAE:460.4019, SSIM:0.8619, PSNR:34.7043
2023-03-04 04:14:29,353 - Epoch: 408 | Train Loss: 0.1012 Vali Loss: 0.0215

2023-03-04 04:15:08,949 - Vali MSE:71.1377, MAE:467.2688, SSIM:0.8611, PSNR:34.7193
2023-03-04 04:15:08,954 - Epoch: 409 | Train Loss: 0.1013 Vali Loss: 0.0217

2023-03-04 04:15:48,608 - Vali MSE:71.5403, MAE:473.7221, SSIM:0.8576, PSNR:34.5441
2023-03-04 04:15:48,613 - Epoch: 410 | Train Loss: 0.1013 Vali Loss: 0.0218

2023-03-04 04:16:28,242 - Vali MSE:71.8492, MAE:477.5798, SSIM:0.8562, PSNR:34.4163
2023-03-04 04:16:28,243 - Epoch: 411 | Train Loss: 0.1017 Vali Loss: 0.0219

2023-03-04 04:17:07,885 - Vali MSE:69.9550, MAE:464.5148, SSIM:0.8610, PSNR:34.6122
2023-03-04 04:17:07,890 - Epoch: 412 | Train Loss: 0.1019 Vali Loss: 0.0213

2023-03-04 04:17:47,519 - Vali MSE:70.4779, MAE:468.1083, SSIM:0.8629, PSNR:34.7423
2023-03-04 04:17:47,519 - Epoch: 413 | Train Loss: 0.1020 Vali Loss: 0.0215

2023-03-04 04:18:27,234 - Vali MSE:71.7835, MAE:488.0064, SSIM:0.8520, PSNR:34.2980
2023-03-04 04:18:27,239 - Epoch: 414 | Train Loss: 0.1022 Vali Loss: 0.0219

2023-03-04 04:19:06,881 - Vali MSE:69.2440, MAE:456.6235, SSIM:0.8638, PSNR:34.7795
2023-03-04 04:19:06,882 - Epoch: 415 | Train Loss: 0.1021 Vali Loss: 0.0211

2023-03-04 04:19:46,562 - Vali MSE:70.0474, MAE:462.8663, SSIM:0.8597, PSNR:34.5891
2023-03-04 04:19:46,568 - Epoch: 416 | Train Loss: 0.1019 Vali Loss: 0.0214

2023-03-04 04:20:26,168 - Vali MSE:69.4720, MAE:456.2800, SSIM:0.8622, PSNR:34.6938
2023-03-04 04:20:26,174 - Epoch: 417 | Train Loss: 0.1017 Vali Loss: 0.0212

2023-03-04 04:21:05,800 - Vali MSE:72.0157, MAE:469.3809, SSIM:0.8573, PSNR:34.5683
2023-03-04 04:21:05,806 - Epoch: 418 | Train Loss: 0.1016 Vali Loss: 0.0220

2023-03-04 04:21:45,425 - Vali MSE:70.1768, MAE:460.7090, SSIM:0.8638, PSNR:34.7519
2023-03-04 04:21:45,430 - Epoch: 419 | Train Loss: 0.1014 Vali Loss: 0.0214

2023-03-04 04:22:25,085 - Vali MSE:72.5157, MAE:483.6670, SSIM:0.8489, PSNR:34.2440
2023-03-04 04:22:25,091 - Epoch: 420 | Train Loss: 0.1015 Vali Loss: 0.0221

2023-03-04 04:23:04,698 - Vali MSE:73.1968, MAE:488.1510, SSIM:0.8565, PSNR:35.1939
2023-03-04 04:23:04,703 - Epoch: 421 | Train Loss: 0.1025 Vali Loss: 0.0223

2023-03-04 04:23:44,275 - Vali MSE:70.5788, MAE:474.2242, SSIM:0.8591, PSNR:34.6121
2023-03-04 04:23:44,275 - Epoch: 422 | Train Loss: 0.1025 Vali Loss: 0.0215

2023-03-04 04:24:23,986 - Vali MSE:69.5091, MAE:454.3249, SSIM:0.8620, PSNR:34.7028
2023-03-04 04:24:23,991 - Epoch: 423 | Train Loss: 0.1018 Vali Loss: 0.0212

2023-03-04 04:25:03,630 - Vali MSE:70.1059, MAE:462.4250, SSIM:0.8636, PSNR:34.8215
2023-03-04 04:25:03,630 - Epoch: 424 | Train Loss: 0.1014 Vali Loss: 0.0214

2023-03-04 04:25:43,263 - Vali MSE:70.4882, MAE:464.6241, SSIM:0.8624, PSNR:34.7681
2023-03-04 04:25:43,272 - Epoch: 425 | Train Loss: 0.1012 Vali Loss: 0.0215

2023-03-04 04:26:22,880 - Vali MSE:70.1556, MAE:457.9132, SSIM:0.8601, PSNR:34.5896
2023-03-04 04:26:22,881 - Epoch: 426 | Train Loss: 0.1012 Vali Loss: 0.0214

2023-03-04 04:27:02,635 - Vali MSE:69.7397, MAE:455.6352, SSIM:0.8642, PSNR:34.8603
2023-03-04 04:27:02,642 - Epoch: 427 | Train Loss: 0.1011 Vali Loss: 0.0213

2023-03-04 04:27:42,263 - Vali MSE:69.2606, MAE:453.2285, SSIM:0.8663, PSNR:34.9805
2023-03-04 04:27:42,264 - Epoch: 428 | Train Loss: 0.1010 Vali Loss: 0.0211

2023-03-04 04:28:21,921 - Vali MSE:69.7175, MAE:457.1483, SSIM:0.8646, PSNR:34.8784
2023-03-04 04:28:21,927 - Epoch: 429 | Train Loss: 0.1011 Vali Loss: 0.0213

2023-03-04 04:29:01,505 - Vali MSE:69.6141, MAE:455.6412, SSIM:0.8655, PSNR:34.9578
2023-03-04 04:29:01,511 - Epoch: 430 | Train Loss: 0.1010 Vali Loss: 0.0212

2023-03-04 04:29:41,169 - Vali MSE:70.4113, MAE:458.1832, SSIM:0.8605, PSNR:34.6389
2023-03-04 04:29:41,175 - Epoch: 431 | Train Loss: 0.1010 Vali Loss: 0.0215

2023-03-04 04:30:20,864 - Vali MSE:69.5884, MAE:456.8477, SSIM:0.8644, PSNR:34.9035
2023-03-04 04:30:20,865 - Epoch: 432 | Train Loss: 0.1010 Vali Loss: 0.0212

2023-03-04 04:31:00,582 - Vali MSE:70.2240, MAE:460.1707, SSIM:0.8598, PSNR:34.5762
2023-03-04 04:31:00,588 - Epoch: 433 | Train Loss: 0.1012 Vali Loss: 0.0214

2023-03-04 04:31:40,323 - Vali MSE:70.1346, MAE:462.4949, SSIM:0.8632, PSNR:34.7852
2023-03-04 04:31:40,328 - Epoch: 434 | Train Loss: 0.1014 Vali Loss: 0.0214

2023-03-04 04:32:19,917 - Vali MSE:70.0748, MAE:460.5984, SSIM:0.8611, PSNR:34.6807
2023-03-04 04:32:19,922 - Epoch: 435 | Train Loss: 0.1015 Vali Loss: 0.0214

2023-03-04 04:32:59,526 - Vali MSE:71.2250, MAE:474.0248, SSIM:0.8529, PSNR:34.3165
2023-03-04 04:32:59,531 - Epoch: 436 | Train Loss: 0.1013 Vali Loss: 0.0217

2023-03-04 04:33:39,304 - Vali MSE:69.0915, MAE:450.9902, SSIM:0.8646, PSNR:34.8219
2023-03-04 04:33:39,309 - Epoch: 437 | Train Loss: 0.1013 Vali Loss: 0.0211

2023-03-04 04:34:18,954 - Vali MSE:69.0227, MAE:455.5963, SSIM:0.8644, PSNR:34.7879
2023-03-04 04:34:18,959 - Epoch: 438 | Train Loss: 0.1013 Vali Loss: 0.0211

2023-03-04 04:34:58,575 - Vali MSE:70.0226, MAE:462.3706, SSIM:0.8582, PSNR:34.5906
2023-03-04 04:34:58,576 - Epoch: 439 | Train Loss: 0.1015 Vali Loss: 0.0214

2023-03-04 04:35:38,206 - Vali MSE:72.7052, MAE:480.1457, SSIM:0.8537, PSNR:34.4045
2023-03-04 04:35:38,211 - Epoch: 440 | Train Loss: 0.1019 Vali Loss: 0.0222

2023-03-04 04:36:17,789 - Vali MSE:69.3026, MAE:453.8632, SSIM:0.8643, PSNR:34.7705
2023-03-04 04:36:17,794 - Epoch: 441 | Train Loss: 0.1018 Vali Loss: 0.0211

2023-03-04 04:36:57,415 - Vali MSE:70.0952, MAE:466.7895, SSIM:0.8562, PSNR:34.4144
2023-03-04 04:36:57,420 - Epoch: 442 | Train Loss: 0.1021 Vali Loss: 0.0214

2023-03-04 04:37:37,080 - Vali MSE:69.0257, MAE:461.7850, SSIM:0.8578, PSNR:34.4694
2023-03-04 04:37:37,086 - Epoch: 443 | Train Loss: 0.1020 Vali Loss: 0.0211

2023-03-04 04:38:16,745 - Vali MSE:69.7587, MAE:457.0709, SSIM:0.8598, PSNR:34.5988
2023-03-04 04:38:16,745 - Epoch: 444 | Train Loss: 0.1020 Vali Loss: 0.0213

2023-03-04 04:38:56,368 - Vali MSE:70.4838, MAE:467.4083, SSIM:0.8593, PSNR:34.5950
2023-03-04 04:38:56,369 - Epoch: 445 | Train Loss: 0.1018 Vali Loss: 0.0215

2023-03-04 04:39:36,042 - Vali MSE:74.2423, MAE:494.4409, SSIM:0.8483, PSNR:34.2843
2023-03-04 04:39:36,048 - Epoch: 446 | Train Loss: 0.1017 Vali Loss: 0.0227

2023-03-04 04:40:15,666 - Vali MSE:68.7354, MAE:458.8970, SSIM:0.8633, PSNR:34.7545
2023-03-04 04:40:15,666 - Epoch: 447 | Train Loss: 0.1018 Vali Loss: 0.0210

2023-03-04 04:40:55,338 - Vali MSE:69.1706, MAE:459.3709, SSIM:0.8665, PSNR:34.9723
2023-03-04 04:40:55,343 - Epoch: 448 | Train Loss: 0.1015 Vali Loss: 0.0211

2023-03-04 04:41:34,970 - Vali MSE:70.1090, MAE:455.0892, SSIM:0.8614, PSNR:34.6911
2023-03-04 04:41:34,976 - Epoch: 449 | Train Loss: 0.1014 Vali Loss: 0.0214

2023-03-04 04:42:14,563 - Vali MSE:69.5018, MAE:462.9161, SSIM:0.8623, PSNR:34.7357
2023-03-04 04:42:14,569 - Epoch: 450 | Train Loss: 0.1013 Vali Loss: 0.0212

2023-03-04 04:42:54,216 - Vali MSE:68.5070, MAE:447.0960, SSIM:0.8667, PSNR:34.9214
2023-03-04 04:42:54,221 - Epoch: 451 | Train Loss: 0.1012 Vali Loss: 0.0209

2023-03-04 04:43:33,832 - Vali MSE:68.4047, MAE:447.4986, SSIM:0.8633, PSNR:34.7538
2023-03-04 04:43:33,838 - Epoch: 452 | Train Loss: 0.1011 Vali Loss: 0.0209

2023-03-04 04:44:13,457 - Vali MSE:68.4327, MAE:447.9196, SSIM:0.8636, PSNR:34.7916
2023-03-04 04:44:13,462 - Epoch: 453 | Train Loss: 0.1012 Vali Loss: 0.0209

2023-03-04 04:44:53,045 - Vali MSE:68.6315, MAE:444.7429, SSIM:0.8669, PSNR:34.9337
2023-03-04 04:44:53,045 - Epoch: 454 | Train Loss: 0.1010 Vali Loss: 0.0209

2023-03-04 04:45:32,772 - Vali MSE:69.4791, MAE:454.4266, SSIM:0.8625, PSNR:34.7350
2023-03-04 04:45:32,777 - Epoch: 455 | Train Loss: 0.1008 Vali Loss: 0.0212

2023-03-04 04:46:12,362 - Vali MSE:68.9275, MAE:449.3671, SSIM:0.8638, PSNR:34.7598
2023-03-04 04:46:12,363 - Epoch: 456 | Train Loss: 0.1008 Vali Loss: 0.0210

2023-03-04 04:46:52,045 - Vali MSE:69.5374, MAE:453.1971, SSIM:0.8614, PSNR:34.7010
2023-03-04 04:46:52,046 - Epoch: 457 | Train Loss: 0.1007 Vali Loss: 0.0212

2023-03-04 04:47:31,651 - Vali MSE:68.9925, MAE:449.4140, SSIM:0.8643, PSNR:34.8471
2023-03-04 04:47:31,656 - Epoch: 458 | Train Loss: 0.1007 Vali Loss: 0.0211

2023-03-04 04:48:11,274 - Vali MSE:69.0806, MAE:447.3767, SSIM:0.8633, PSNR:34.7763
2023-03-04 04:48:11,279 - Epoch: 459 | Train Loss: 0.1007 Vali Loss: 0.0211

2023-03-04 04:48:50,536 - Vali MSE:69.7484, MAE:451.2399, SSIM:0.8619, PSNR:34.7083
2023-03-04 04:48:50,542 - Epoch: 460 | Train Loss: 0.1007 Vali Loss: 0.0213

2023-03-04 04:49:29,800 - Vali MSE:69.1037, MAE:449.6114, SSIM:0.8661, PSNR:34.9064
2023-03-04 04:49:29,801 - Epoch: 461 | Train Loss: 0.1007 Vali Loss: 0.0211

2023-03-04 04:50:09,061 - Vali MSE:69.3426, MAE:449.7270, SSIM:0.8656, PSNR:34.8650
2023-03-04 04:50:09,061 - Epoch: 462 | Train Loss: 0.1006 Vali Loss: 0.0212

2023-03-04 04:50:48,547 - Vali MSE:69.5227, MAE:455.6939, SSIM:0.8599, PSNR:34.6159
2023-03-04 04:50:48,552 - Epoch: 463 | Train Loss: 0.1006 Vali Loss: 0.0212

2023-03-04 04:51:27,793 - Vali MSE:71.8789, MAE:469.1153, SSIM:0.8547, PSNR:34.4644
2023-03-04 04:51:27,798 - Epoch: 464 | Train Loss: 0.1007 Vali Loss: 0.0219

2023-03-04 04:52:07,040 - Vali MSE:69.6022, MAE:452.0568, SSIM:0.8613, PSNR:34.7216
2023-03-04 04:52:07,041 - Epoch: 465 | Train Loss: 0.1009 Vali Loss: 0.0212

2023-03-04 04:52:46,334 - Vali MSE:69.4378, MAE:447.5123, SSIM:0.8645, PSNR:34.8484
2023-03-04 04:52:46,339 - Epoch: 466 | Train Loss: 0.1009 Vali Loss: 0.0212

2023-03-04 04:53:25,581 - Vali MSE:69.5265, MAE:448.4223, SSIM:0.8652, PSNR:34.9022
2023-03-04 04:53:25,587 - Epoch: 467 | Train Loss: 0.1009 Vali Loss: 0.0212

2023-03-04 04:54:05,010 - Vali MSE:69.3915, MAE:450.8586, SSIM:0.8634, PSNR:34.7589
2023-03-04 04:54:05,015 - Epoch: 468 | Train Loss: 0.1008 Vali Loss: 0.0212

2023-03-04 04:54:44,262 - Vali MSE:69.5893, MAE:459.2778, SSIM:0.8645, PSNR:34.9225
2023-03-04 04:54:44,263 - Epoch: 469 | Train Loss: 0.1010 Vali Loss: 0.0212

2023-03-04 04:55:23,489 - Vali MSE:70.1210, MAE:460.3407, SSIM:0.8642, PSNR:34.8955
2023-03-04 04:55:23,495 - Epoch: 470 | Train Loss: 0.1011 Vali Loss: 0.0214

2023-03-04 04:56:02,724 - Vali MSE:68.8699, MAE:447.3469, SSIM:0.8651, PSNR:34.7733
2023-03-04 04:56:02,729 - Epoch: 471 | Train Loss: 0.1011 Vali Loss: 0.0210

2023-03-04 04:56:42,123 - Vali MSE:69.3660, MAE:463.9554, SSIM:0.8581, PSNR:34.4734
2023-03-04 04:56:42,124 - Epoch: 472 | Train Loss: 0.1013 Vali Loss: 0.0212

2023-03-04 04:57:21,441 - Vali MSE:70.1052, MAE:458.8129, SSIM:0.8598, PSNR:34.6461
2023-03-04 04:57:21,446 - Epoch: 473 | Train Loss: 0.1013 Vali Loss: 0.0214

2023-03-04 04:58:00,749 - Vali MSE:69.4740, MAE:454.1109, SSIM:0.8603, PSNR:34.6709
2023-03-04 04:58:00,749 - Epoch: 474 | Train Loss: 0.1013 Vali Loss: 0.0212

2023-03-04 04:58:40,240 - Vali MSE:69.2000, MAE:448.5713, SSIM:0.8653, PSNR:35.0612
2023-03-04 04:58:40,240 - Epoch: 475 | Train Loss: 0.1012 Vali Loss: 0.0211

2023-03-04 04:59:19,494 - Vali MSE:70.1875, MAE:457.6257, SSIM:0.8577, PSNR:34.5907
2023-03-04 04:59:19,499 - Epoch: 476 | Train Loss: 0.1012 Vali Loss: 0.0214

2023-03-04 04:59:58,740 - Vali MSE:68.4066, MAE:449.8546, SSIM:0.8652, PSNR:34.8278
2023-03-04 04:59:58,741 - Epoch: 477 | Train Loss: 0.1012 Vali Loss: 0.0209

2023-03-04 05:00:38,066 - Vali MSE:71.7390, MAE:471.5584, SSIM:0.8541, PSNR:34.4597
2023-03-04 05:00:38,071 - Epoch: 478 | Train Loss: 0.1012 Vali Loss: 0.0219

2023-03-04 05:01:17,326 - Vali MSE:68.3128, MAE:445.8022, SSIM:0.8651, PSNR:34.8844
2023-03-04 05:01:17,332 - Epoch: 479 | Train Loss: 0.1011 Vali Loss: 0.0208

2023-03-04 05:01:56,583 - Vali MSE:68.4059, MAE:452.5491, SSIM:0.8619, PSNR:34.7152
2023-03-04 05:01:56,589 - Epoch: 480 | Train Loss: 0.1010 Vali Loss: 0.0209

2023-03-04 05:02:35,792 - Vali MSE:68.8608, MAE:448.4180, SSIM:0.8652, PSNR:34.8580
2023-03-04 05:02:35,797 - Epoch: 481 | Train Loss: 0.1009 Vali Loss: 0.0210

2023-03-04 05:03:15,042 - Vali MSE:68.5373, MAE:445.6925, SSIM:0.8645, PSNR:34.8015
2023-03-04 05:03:15,048 - Epoch: 482 | Train Loss: 0.1008 Vali Loss: 0.0209

2023-03-04 05:03:54,325 - Vali MSE:68.8056, MAE:446.5864, SSIM:0.8622, PSNR:34.7003
2023-03-04 05:03:54,330 - Epoch: 483 | Train Loss: 0.1008 Vali Loss: 0.0210

2023-03-04 05:04:33,519 - Vali MSE:68.5123, MAE:444.3087, SSIM:0.8663, PSNR:34.9310
2023-03-04 05:04:33,525 - Epoch: 484 | Train Loss: 0.1008 Vali Loss: 0.0209

2023-03-04 05:05:12,737 - Vali MSE:68.9174, MAE:445.7400, SSIM:0.8634, PSNR:34.8033
2023-03-04 05:05:12,742 - Epoch: 485 | Train Loss: 0.1007 Vali Loss: 0.0210

2023-03-04 05:05:51,910 - Vali MSE:68.7241, MAE:446.4482, SSIM:0.8655, PSNR:34.8680
2023-03-04 05:05:51,910 - Epoch: 486 | Train Loss: 0.1008 Vali Loss: 0.0210

2023-03-04 05:06:31,220 - Vali MSE:69.3339, MAE:448.8546, SSIM:0.8616, PSNR:34.6933
2023-03-04 05:06:31,226 - Epoch: 487 | Train Loss: 0.1007 Vali Loss: 0.0212

2023-03-04 05:07:10,413 - Vali MSE:68.6274, MAE:446.5626, SSIM:0.8666, PSNR:34.9811
2023-03-04 05:07:10,418 - Epoch: 488 | Train Loss: 0.1008 Vali Loss: 0.0209

2023-03-04 05:07:49,733 - Vali MSE:68.1830, MAE:444.9497, SSIM:0.8654, PSNR:34.8604
2023-03-04 05:07:49,738 - Epoch: 489 | Train Loss: 0.1008 Vali Loss: 0.0208

2023-03-04 05:08:28,892 - Vali MSE:69.1958, MAE:459.2845, SSIM:0.8623, PSNR:34.7359
2023-03-04 05:08:28,893 - Epoch: 490 | Train Loss: 0.1011 Vali Loss: 0.0211

2023-03-04 05:09:08,139 - Vali MSE:70.6256, MAE:470.7094, SSIM:0.8554, PSNR:34.4601
2023-03-04 05:09:08,145 - Epoch: 491 | Train Loss: 0.1013 Vali Loss: 0.0216

2023-03-04 05:09:47,326 - Vali MSE:69.6547, MAE:453.8790, SSIM:0.8592, PSNR:34.6197
2023-03-04 05:09:47,327 - Epoch: 492 | Train Loss: 0.1014 Vali Loss: 0.0213

2023-03-04 05:10:26,516 - Vali MSE:70.9639, MAE:463.0290, SSIM:0.8569, PSNR:34.5944
2023-03-04 05:10:26,521 - Epoch: 493 | Train Loss: 0.1014 Vali Loss: 0.0217

2023-03-04 05:11:05,800 - Vali MSE:69.3588, MAE:452.4076, SSIM:0.8650, PSNR:34.8806
2023-03-04 05:11:05,800 - Epoch: 494 | Train Loss: 0.1014 Vali Loss: 0.0212

2023-03-04 05:11:45,137 - Vali MSE:68.5456, MAE:443.1806, SSIM:0.8652, PSNR:34.8595
2023-03-04 05:11:45,142 - Epoch: 495 | Train Loss: 0.1011 Vali Loss: 0.0209

2023-03-04 05:12:24,392 - Vali MSE:69.0816, MAE:446.8919, SSIM:0.8670, PSNR:34.9674
2023-03-04 05:12:24,392 - Epoch: 496 | Train Loss: 0.1011 Vali Loss: 0.0211

2023-03-04 05:13:03,892 - Vali MSE:68.2034, MAE:441.1079, SSIM:0.8648, PSNR:34.8127
2023-03-04 05:13:03,897 - Epoch: 497 | Train Loss: 0.1009 Vali Loss: 0.0208

2023-03-04 05:13:43,064 - Vali MSE:68.7272, MAE:441.8528, SSIM:0.8636, PSNR:34.7547
2023-03-04 05:13:43,069 - Epoch: 498 | Train Loss: 0.1008 Vali Loss: 0.0210

2023-03-04 05:14:22,292 - Vali MSE:67.4642, MAE:437.5186, SSIM:0.8681, PSNR:34.9896
2023-03-04 05:14:22,297 - Epoch: 499 | Train Loss: 0.1008 Vali Loss: 0.0206

2023-03-04 05:15:01,492 - Vali MSE:68.3363, MAE:442.3783, SSIM:0.8655, PSNR:34.8670
2023-03-04 05:15:01,498 - Epoch: 500 | Train Loss: 0.1007 Vali Loss: 0.0209

2023-03-04 05:15:05,945 - Test MSE:60.6083, MAE:448.7716, SSIM:0.8730, PSNR:34.5245
